Copyright 1986-2022 Xilinx, Inc. All Rights Reserved. Copyright 2022-2024 Advanced Micro Devices, Inc. All Rights Reserved.
---------------------------------------------------------------------------------------------------------------------------------------------
| Tool Version : Vivado v.2024.1 (lin64) Build 5076996 Wed May 22 18:36:09 MDT 2024
| Date         : Wed Dec 11 10:33:30 2024
| Host         : eecs-digital-05 running 64-bit Ubuntu 24.04.1 LTS
| Command      : report_timing_summary -file obj/post_route_timing_summary.rpt
| Design       : top_level
| Device       : 7s50-csga324
| Speed File   : -1  PRODUCTION 1.23 2018-06-13
| Design State : Routed
---------------------------------------------------------------------------------------------------------------------------------------------

Timing Summary Report

------------------------------------------------------------------------------------------------
| Timer Settings
| --------------
------------------------------------------------------------------------------------------------

  Enable Multi Corner Analysis               :  Yes
  Enable Pessimism Removal                   :  Yes
  Pessimism Removal Resolution               :  Nearest Common Node
  Enable Input Delay Default Clock           :  No
  Enable Preset / Clear Arcs                 :  No
  Disable Flight Delays                      :  No
  Ignore I/O Paths                           :  No
  Timing Early Launch at Borrowing Latches   :  No
  Borrow Time for Max Delay Exceptions       :  Yes
  Merge Timing Exceptions                    :  Yes
  Inter-SLR Compensation                     :  Conservative

  Corner  Analyze    Analyze    
  Name    Max Paths  Min Paths  
  ------  ---------  ---------  
  Slow    Yes        Yes        
  Fast    Yes        Yes        


------------------------------------------------------------------------------------------------
| Report Methodology
| ------------------
------------------------------------------------------------------------------------------------

No report available as report_methodology has not been run prior. Run report_methodology on the current design for the summary of methodology violations.



check_timing report

Table of Contents
-----------------
1. checking no_clock (108)
2. checking constant_clock (0)
3. checking pulse_width_clock (0)
4. checking unconstrained_internal_endpoints (27)
5. checking no_input_delay (22)
6. checking no_output_delay (33)
7. checking multiple_clock (0)
8. checking generated_clocks (0)
9. checking loops (0)
10. checking partial_input_delay (0)
11. checking partial_output_delay (0)
12. checking latch_loops (0)

1. checking no_clock (108)
--------------------------
 There are 9 register/latch pins with no clock driven by root clock pin: associate_keys_middle/note_reg[0]/Q (HIGH)

 There are 9 register/latch pins with no clock driven by root clock pin: associate_keys_middle/note_reg[1]/Q (HIGH)

 There are 9 register/latch pins with no clock driven by root clock pin: associate_keys_middle/note_reg[2]/Q (HIGH)

 There are 9 register/latch pins with no clock driven by root clock pin: associate_keys_middle/note_reg[3]/Q (HIGH)

 There are 9 register/latch pins with no clock driven by root clock pin: associate_keys_pinky/note_reg[0]/Q (HIGH)

 There are 9 register/latch pins with no clock driven by root clock pin: associate_keys_pinky/note_reg[1]/Q (HIGH)

 There are 9 register/latch pins with no clock driven by root clock pin: associate_keys_pinky/note_reg[2]/Q (HIGH)

 There are 9 register/latch pins with no clock driven by root clock pin: associate_keys_pinky/note_reg[3]/Q (HIGH)

 There are 9 register/latch pins with no clock driven by root clock pin: associate_keys_thumb/note_reg[0]/Q (HIGH)

 There are 9 register/latch pins with no clock driven by root clock pin: associate_keys_thumb/note_reg[1]/Q (HIGH)

 There are 9 register/latch pins with no clock driven by root clock pin: associate_keys_thumb/note_reg[2]/Q (HIGH)

 There are 9 register/latch pins with no clock driven by root clock pin: associate_keys_thumb/note_reg[3]/Q (HIGH)


2. checking constant_clock (0)
------------------------------
 There are 0 register/latch pins with constant_clock.


3. checking pulse_width_clock (0)
---------------------------------
 There are 0 register/latch pins which need pulse_width check


4. checking unconstrained_internal_endpoints (27)
-------------------------------------------------
 There are 27 pins that are not constrained for maximum delay. (HIGH)

 There are 0 pins that are not constrained for maximum delay due to constant clock.


5. checking no_input_delay (22)
-------------------------------
 There are 22 input ports with no input delay specified. (HIGH)

 There are 0 input ports with no input delay but user has a false path constraint.


6. checking no_output_delay (33)
--------------------------------
 There are 33 ports with no output delay specified. (HIGH)

 There are 0 ports with no output delay but user has a false path constraint

 There are 0 ports with no output delay but with a timing clock defined on it or propagating through it


7. checking multiple_clock (0)
------------------------------
 There are 0 register/latch pins with multiple clocks.


8. checking generated_clocks (0)
--------------------------------
 There are 0 generated clocks that are not connected to a clock source.


9. checking loops (0)
---------------------
 There are 0 combinational loops in the design.


10. checking partial_input_delay (0)
------------------------------------
 There are 0 input ports with partial input delay specified.


11. checking partial_output_delay (0)
-------------------------------------
 There are 0 ports with partial output delay specified.


12. checking latch_loops (0)
----------------------------
 There are 0 combinational latch loops in the design through latch input



------------------------------------------------------------------------------------------------
| Design Timing Summary
| ---------------------
------------------------------------------------------------------------------------------------

    WNS(ns)      TNS(ns)  TNS Failing Endpoints  TNS Total Endpoints      WHS(ns)      THS(ns)  THS Failing Endpoints  THS Total Endpoints     WPWS(ns)     TPWS(ns)  TPWS Failing Endpoints  TPWS Total Endpoints  
    -------      -------  ---------------------  -------------------      -------      -------  ---------------------  -------------------     --------     --------  ----------------------  --------------------  
      0.587        0.000                      0                 7176        0.024        0.000                      0                 7164        0.538        0.000                       0                  2861  


All user specified timing constraints are met.


------------------------------------------------------------------------------------------------
| Clock Summary
| -------------
------------------------------------------------------------------------------------------------

Clock                  Waveform(ns)         Period(ns)      Frequency(MHz)
-----                  ------------         ----------      --------------
gclk                   {0.000 4.000}        10.000          100.000         
  clk_100_cw_fast      {0.000 5.000}        10.000          100.000         
    clk_pixel_cw_hdmi  {0.000 6.734}        13.468          74.250          
    clk_tmds_cw_hdmi   {0.000 1.347}        2.694           371.250         
    clkfbout_cw_hdmi   {0.000 25.000}       50.000          20.000          
  clk_camera_cw_fast   {0.000 2.500}        5.000           200.000         
  clk_xc_cw_fast       {0.000 20.000}       40.000          25.000          
  clkfbout_cw_fast     {0.000 5.000}        10.000          100.000         


------------------------------------------------------------------------------------------------
| Intra Clock Table
| -----------------
------------------------------------------------------------------------------------------------

Clock                      WNS(ns)      TNS(ns)  TNS Failing Endpoints  TNS Total Endpoints      WHS(ns)      THS(ns)  THS Failing Endpoints  THS Total Endpoints     WPWS(ns)     TPWS(ns)  TPWS Failing Endpoints  TPWS Total Endpoints  
-----                      -------      -------  ---------------------  -------------------      -------      -------  ---------------------  -------------------     --------     --------  ----------------------  --------------------  
gclk                                                                                                                                                                     2.000        0.000                       0                     1  
  clk_100_cw_fast                                                                                                                                                        3.000        0.000                       0                     3  
    clk_pixel_cw_hdmi        0.923        0.000                      0                 6667        0.024        0.000                      0                 6667        5.754        0.000                       0                  2612  
    clk_tmds_cw_hdmi                                                                                                                                                     0.538        0.000                       0                     8  
    clkfbout_cw_hdmi                                                                                                                                                    47.845        0.000                       0                     3  
  clk_camera_cw_fast         0.587        0.000                      0                  497        0.106        0.000                      0                  497        2.000        0.000                       0                   229  
  clk_xc_cw_fast                                                                                                                                                        37.845        0.000                       0                     2  
  clkfbout_cw_fast                                                                                                                                                       7.845        0.000                       0                     3  


------------------------------------------------------------------------------------------------
| Inter Clock Table
| -----------------
------------------------------------------------------------------------------------------------

From Clock          To Clock                WNS(ns)      TNS(ns)  TNS Failing Endpoints  TNS Total Endpoints      WHS(ns)      THS(ns)  THS Failing Endpoints  THS Total Endpoints  
----------          --------                -------      -------  ---------------------  -------------------      -------      -------  ---------------------  -------------------  
clk_camera_cw_fast  clk_pixel_cw_hdmi         3.484        0.000                      0                    6                                                                        
clk_pixel_cw_hdmi   clk_camera_cw_fast       12.112        0.000                      0                    6                                                                        


------------------------------------------------------------------------------------------------
| Other Path Groups Table
| -----------------------
------------------------------------------------------------------------------------------------

Path Group    From Clock    To Clock          WNS(ns)      TNS(ns)  TNS Failing Endpoints  TNS Total Endpoints      WHS(ns)      THS(ns)  THS Failing Endpoints  THS Total Endpoints  
----------    ----------    --------          -------      -------  ---------------------  -------------------      -------      -------  ---------------------  -------------------  


------------------------------------------------------------------------------------------------
| Timing Details
| --------------
------------------------------------------------------------------------------------------------


---------------------------------------------------------------------------------------------------
From Clock:  gclk
  To Clock:  gclk

Setup :           NA  Failing Endpoints,  Worst Slack           NA  ,  Total Violation           NA
Hold  :           NA  Failing Endpoints,  Worst Slack           NA  ,  Total Violation           NA
PW    :            0  Failing Endpoints,  Worst Slack        2.000ns,  Total Violation        0.000ns
---------------------------------------------------------------------------------------------------


Pulse Width Checks
--------------------------------------------------------------------------------------
Clock Name:         gclk
Waveform(ns):       { 0.000 4.000 }
Period(ns):         10.000
Sources:            { clk_100mhz }

Check Type        Corner  Lib Pin           Reference Pin  Required(ns)  Actual(ns)  Slack(ns)  Location        Pin
Min Period        n/a     PLLE2_ADV/CLKIN1  n/a            1.249         10.000      8.751      PLLE2_ADV_X0Y0  wizard_migcam/plle2_adv_inst/CLKIN1
Max Period        n/a     PLLE2_ADV/CLKIN1  n/a            52.633        10.000      42.633     PLLE2_ADV_X0Y0  wizard_migcam/plle2_adv_inst/CLKIN1
Low Pulse Width   Slow    PLLE2_ADV/CLKIN1  n/a            2.000         6.000       4.000      PLLE2_ADV_X0Y0  wizard_migcam/plle2_adv_inst/CLKIN1
High Pulse Width  Slow    PLLE2_ADV/CLKIN1  n/a            2.000         4.000       2.000      PLLE2_ADV_X0Y0  wizard_migcam/plle2_adv_inst/CLKIN1



---------------------------------------------------------------------------------------------------
From Clock:  clk_100_cw_fast
  To Clock:  clk_100_cw_fast

Setup :           NA  Failing Endpoints,  Worst Slack           NA  ,  Total Violation           NA
Hold  :           NA  Failing Endpoints,  Worst Slack           NA  ,  Total Violation           NA
PW    :            0  Failing Endpoints,  Worst Slack        3.000ns,  Total Violation        0.000ns
---------------------------------------------------------------------------------------------------


Pulse Width Checks
--------------------------------------------------------------------------------------
Clock Name:         clk_100_cw_fast
Waveform(ns):       { 0.000 5.000 }
Period(ns):         10.000
Sources:            { wizard_migcam/plle2_adv_inst/CLKOUT0 }

Check Type        Corner  Lib Pin            Reference Pin  Required(ns)  Actual(ns)  Slack(ns)  Location         Pin
Min Period        n/a     BUFG/I             n/a            2.155         10.000      7.845      BUFGCTRL_X0Y5    wizard_migcam/clkout1_buf/I
Max Period        n/a     MMCME2_ADV/CLKIN1  n/a            100.000       10.000      90.000     MMCME2_ADV_X1Y0  wizard_hdmi/mmcm_adv_inst/CLKIN1
Low Pulse Width   Slow    MMCME2_ADV/CLKIN1  n/a            2.000         5.000       3.000      MMCME2_ADV_X1Y0  wizard_hdmi/mmcm_adv_inst/CLKIN1
High Pulse Width  Slow    MMCME2_ADV/CLKIN1  n/a            2.000         5.000       3.000      MMCME2_ADV_X1Y0  wizard_hdmi/mmcm_adv_inst/CLKIN1



---------------------------------------------------------------------------------------------------
From Clock:  clk_pixel_cw_hdmi
  To Clock:  clk_pixel_cw_hdmi

Setup :            0  Failing Endpoints,  Worst Slack        0.923ns,  Total Violation        0.000ns
Hold  :            0  Failing Endpoints,  Worst Slack        0.024ns,  Total Violation        0.000ns
PW    :            0  Failing Endpoints,  Worst Slack        5.754ns,  Total Violation        0.000ns
---------------------------------------------------------------------------------------------------


Max Delay Paths
--------------------------------------------------------------------------------------
Slack (MET) :             0.923ns  (required time - arrival time)
  Source:                 genblk1[3].filterm/mconv/blue_pixel_cache_reg[0][0][0]/C
                            (rising edge-triggered cell FDRE clocked by clk_pixel_cw_hdmi  {rise@0.000ns fall@6.734ns period=13.468ns})
  Destination:            genblk1[3].filterm/mconv/blue_pixel_preprocessed_reg[15]/D
                            (rising edge-triggered cell FDRE clocked by clk_pixel_cw_hdmi  {rise@0.000ns fall@6.734ns period=13.468ns})
  Path Group:             clk_pixel_cw_hdmi
  Path Type:              Setup (Max at Slow Process Corner)
  Requirement:            13.468ns  (clk_pixel_cw_hdmi rise@13.468ns - clk_pixel_cw_hdmi rise@0.000ns)
  Data Path Delay:        12.409ns  (logic 7.865ns (63.382%)  route 4.544ns (36.618%))
  Logic Levels:           18  (CARRY4=11 LUT2=7)
  Clock Path Skew:        -0.035ns (DCD - SCD + CPR)
    Destination Clock Delay (DCD):    -2.082ns = ( 11.386 - 13.468 ) 
    Source Clock Delay      (SCD):    -2.474ns
    Clock Pessimism Removal (CPR):    -0.427ns
  Clock Uncertainty:      0.210ns  ((TSJ^2 + DJ^2)^1/2) / 2 + PE
    Total System Jitter     (TSJ):    0.071ns
    Discrete Jitter          (DJ):    0.414ns
    Phase Error              (PE):    0.000ns

    Location             Delay type                Incr(ns)  Path(ns)    Netlist Resource(s)
  -------------------------------------------------------------------    -------------------
                         (clock clk_pixel_cw_hdmi rise edge)
                                                      0.000     0.000 r  
    N15                                               0.000     0.000 r  clk_100mhz (IN)
                         net (fo=0)                   0.000     0.000    wizard_migcam/clk_100mhz
    N15                  IBUF (Prop_ibuf_I_O)         1.440     1.440 r  wizard_migcam/clkin1_ibufg/O
                         net (fo=1, routed)           1.253     2.693    wizard_migcam/clk_in1_cw_fast
    PLLE2_ADV_X0Y0       PLLE2_ADV (Prop_plle2_adv_CLKIN1_CLKOUT0)
                                                     -8.486    -5.792 r  wizard_migcam/plle2_adv_inst/CLKOUT0
                         net (fo=1, routed)           1.660    -4.132    wizard_migcam/clk_100_cw_fast
    BUFGCTRL_X0Y5        BUFG (Prop_bufg_I_O)         0.096    -4.036 r  wizard_migcam/clkout1_buf/O
                         net (fo=1, routed)           1.575    -2.461    wizard_hdmi/clk_100
    MMCME2_ADV_X1Y0      MMCME2_ADV (Prop_mmcme2_adv_CLKIN1_CLKOUT0)
                                                     -3.333    -5.793 r  wizard_hdmi/mmcm_adv_inst/CLKOUT0
                         net (fo=1, routed)           1.661    -4.132    wizard_hdmi/clk_pixel_cw_hdmi
    BUFGCTRL_X0Y0        BUFG (Prop_bufg_I_O)         0.096    -4.036 r  wizard_hdmi/clkout1_buf/O
                         net (fo=2611, routed)        1.562    -2.474    genblk1[3].filterm/mconv/clk_pixel
    SLICE_X36Y38         FDRE                                         r  genblk1[3].filterm/mconv/blue_pixel_cache_reg[0][0][0]/C
  -------------------------------------------------------------------    -------------------
    SLICE_X36Y38         FDRE (Prop_fdre_C_Q)         0.419    -2.055 r  genblk1[3].filterm/mconv/blue_pixel_cache_reg[0][0][0]/Q
                         net (fo=2, routed)           0.663    -1.392    genblk1[3].filterm/mconv/blue_pixel_cache_reg_n_0_[0][0][0]
    SLICE_X37Y38         LUT2 (Prop_lut2_I1_O)        0.299    -1.093 r  genblk1[3].filterm/mconv/blue_pixel_preprocessed[0]_i_20/O
                         net (fo=1, routed)           0.000    -1.093    genblk1[3].filterm/mconv/blue_pixel_preprocessed[0]_i_20_n_0
    SLICE_X37Y38         CARRY4 (Prop_carry4_S[0]_CO[3])
                                                      0.532    -0.561 r  genblk1[3].filterm/mconv/blue_pixel_preprocessed_reg[0]_i_12/CO[3]
                         net (fo=1, routed)           0.000    -0.561    genblk1[3].filterm/mconv/blue_pixel_preprocessed_reg[0]_i_12_n_0
    SLICE_X37Y39         CARRY4 (Prop_carry4_CI_O[1])
                                                      0.334    -0.227 r  genblk1[3].filterm/mconv/blue_pixel_preprocessed_reg[8]_i_15/O[1]
                         net (fo=1, routed)           0.563     0.336    genblk1[3].filterm/mconv/blue_pixel_preprocessed_reg[8]_i_15_n_6
    SLICE_X36Y41         LUT2 (Prop_lut2_I1_O)        0.303     0.639 r  genblk1[3].filterm/mconv/blue_pixel_preprocessed[8]_i_16/O
                         net (fo=1, routed)           0.000     0.639    genblk1[3].filterm/mconv/blue_pixel_preprocessed[8]_i_16_n_0
    SLICE_X36Y41         CARRY4 (Prop_carry4_S[0]_O[2])
                                                      0.547     1.186 r  genblk1[3].filterm/mconv/blue_pixel_preprocessed_reg[8]_i_12/O[2]
                         net (fo=1, routed)           0.581     1.766    genblk1[3].filterm/mconv/blue_pixel_preprocessed_reg[8]_i_12_n_5
    SLICE_X37Y43         CARRY4 (Prop_carry4_S[3]_CO[3])
                                                      0.703     2.469 r  genblk1[3].filterm/mconv/blue_pixel_preprocessed_reg[8]_i_11/CO[3]
                         net (fo=1, routed)           0.000     2.469    genblk1[3].filterm/mconv/blue_pixel_preprocessed_reg[8]_i_11_n_0
    SLICE_X37Y44         CARRY4 (Prop_carry4_CI_O[0])
                                                      0.222     2.691 r  genblk1[3].filterm/mconv/blue_pixel_preprocessed_reg[15]_i_42/O[0]
                         net (fo=3, routed)           0.725     3.417    genblk1[3].filterm/mconv/blue_pixel_preprocessed_reg[15]_i_42_n_7
    SLICE_X40Y42         LUT2 (Prop_lut2_I1_O)        0.299     3.716 r  genblk1[3].filterm/mconv/blue_pixel_preprocessed[15]_i_49/O
                         net (fo=1, routed)           0.000     3.716    genblk1[3].filterm/mconv/blue_pixel_preprocessed[15]_i_49_n_0
    SLICE_X40Y42         CARRY4 (Prop_carry4_S[1]_O[3])
                                                      0.640     4.356 r  genblk1[3].filterm/mconv/blue_pixel_preprocessed_reg[15]_i_31/O[3]
                         net (fo=3, routed)           0.530     4.886    genblk1[3].filterm/mconv/blue_pixel_preprocessed_reg[15]_i_31_n_4
    SLICE_X41Y42         LUT2 (Prop_lut2_I1_O)        0.306     5.192 r  genblk1[3].filterm/mconv/blue_pixel_preprocessed[15]_i_36/O
                         net (fo=1, routed)           0.000     5.192    genblk1[3].filterm/mconv/blue_pixel_preprocessed[15]_i_36_n_0
    SLICE_X41Y42         CARRY4 (Prop_carry4_S[3]_CO[3])
                                                      0.401     5.593 r  genblk1[3].filterm/mconv/blue_pixel_preprocessed_reg[15]_i_20/CO[3]
                         net (fo=1, routed)           0.000     5.593    genblk1[3].filterm/mconv/blue_pixel_preprocessed_reg[15]_i_20_n_0
    SLICE_X41Y43         CARRY4 (Prop_carry4_CI_O[0])
                                                      0.222     5.815 r  genblk1[3].filterm/mconv/blue_pixel_preprocessed_reg[15]_i_19/O[0]
                         net (fo=3, routed)           0.721     6.537    genblk1[3].filterm/mconv/blue_pixel_preprocessed_reg[15]_i_19_n_7
    SLICE_X42Y45         LUT2 (Prop_lut2_I0_O)        0.299     6.836 r  genblk1[3].filterm/mconv/blue_pixel_preprocessed[15]_i_23/O
                         net (fo=1, routed)           0.000     6.836    genblk1[3].filterm/mconv/blue_pixel_preprocessed[15]_i_23_n_0
    SLICE_X42Y45         CARRY4 (Prop_carry4_S[1]_O[2])
                                                      0.578     7.414 r  genblk1[3].filterm/mconv/blue_pixel_preprocessed_reg[15]_i_8/O[2]
                         net (fo=4, routed)           0.439     7.853    genblk1[3].filterm/mconv/blue_pixel_preprocessed_reg[15]_i_8_n_5
    SLICE_X43Y44         LUT2 (Prop_lut2_I0_O)        0.301     8.154 r  genblk1[3].filterm/mconv/blue_pixel_preprocessed[15]_i_12/O
                         net (fo=1, routed)           0.000     8.154    genblk1[3].filterm/mconv/blue_pixel_preprocessed[15]_i_12_n_0
    SLICE_X43Y44         CARRY4 (Prop_carry4_S[1]_O[2])
                                                      0.580     8.734 r  genblk1[3].filterm/mconv/blue_pixel_preprocessed_reg[15]_i_2/O[2]
                         net (fo=2, routed)           0.322     9.055    genblk1[3].filterm/mconv/C[14]
    SLICE_X42Y43         LUT2 (Prop_lut2_I1_O)        0.302     9.357 r  genblk1[3].filterm/mconv/blue_pixel_preprocessed[15]_i_5/O
                         net (fo=1, routed)           0.000     9.357    genblk1[3].filterm/mconv/blue_pixel_preprocessed[15]_i_5_n_0
    SLICE_X42Y43         CARRY4 (Prop_carry4_S[1]_O[2])
                                                      0.578     9.935 r  genblk1[3].filterm/mconv/blue_pixel_preprocessed_reg[15]_i_1/O[2]
                         net (fo=1, routed)           0.000     9.935    genblk1[3].filterm/mconv/blue_pixel_preprocessed1[15]
    SLICE_X42Y43         FDRE                                         r  genblk1[3].filterm/mconv/blue_pixel_preprocessed_reg[15]/D
  -------------------------------------------------------------------    -------------------

                         (clock clk_pixel_cw_hdmi rise edge)
                                                     13.468    13.468 r  
    N15                                               0.000    13.468 r  clk_100mhz (IN)
                         net (fo=0)                   0.000    13.468    wizard_migcam/clk_100mhz
    N15                  IBUF (Prop_ibuf_I_O)         1.370    14.838 r  wizard_migcam/clkin1_ibufg/O
                         net (fo=1, routed)           1.181    16.019    wizard_migcam/clk_in1_cw_fast
    PLLE2_ADV_X0Y0       PLLE2_ADV (Prop_plle2_adv_CLKIN1_CLKOUT0)
                                                     -7.753     8.266 r  wizard_migcam/plle2_adv_inst/CLKOUT0
                         net (fo=1, routed)           1.582     9.848    wizard_migcam/clk_100_cw_fast
    BUFGCTRL_X0Y5        BUFG (Prop_bufg_I_O)         0.091     9.939 r  wizard_migcam/clkout1_buf/O
                         net (fo=1, routed)           1.457    11.396    wizard_hdmi/clk_100
    MMCME2_ADV_X1Y0      MMCME2_ADV (Prop_mmcme2_adv_CLKIN1_CLKOUT0)
                                                     -3.129     8.267 r  wizard_hdmi/mmcm_adv_inst/CLKOUT0
                         net (fo=1, routed)           1.581     9.848    wizard_hdmi/clk_pixel_cw_hdmi
    BUFGCTRL_X0Y0        BUFG (Prop_bufg_I_O)         0.091     9.939 r  wizard_hdmi/clkout1_buf/O
                         net (fo=2611, routed)        1.447    11.386    genblk1[3].filterm/mconv/clk_pixel
    SLICE_X42Y43         FDRE                                         r  genblk1[3].filterm/mconv/blue_pixel_preprocessed_reg[15]/C
                         clock pessimism             -0.427    10.959    
                         clock uncertainty           -0.210    10.750    
    SLICE_X42Y43         FDRE (Setup_fdre_C_D)        0.109    10.859    genblk1[3].filterm/mconv/blue_pixel_preprocessed_reg[15]
  -------------------------------------------------------------------
                         required time                         10.859    
                         arrival time                          -9.935    
  -------------------------------------------------------------------
                         slack                                  0.923    





Min Delay Paths
--------------------------------------------------------------------------------------
Slack (MET) :             0.024ns  (arrival time - required time)
  Source:                 genblk1[3].filterm/m_lbuff/vcount_out_reg[9]/C
                            (rising edge-triggered cell FDRE clocked by clk_pixel_cw_hdmi  {rise@0.000ns fall@6.734ns period=13.468ns})
  Destination:            genblk1[3].filterm/mconv/vcount_out_pipe_reg[1][9]_srl2/D
                            (rising edge-triggered cell SRL16E clocked by clk_pixel_cw_hdmi  {rise@0.000ns fall@6.734ns period=13.468ns})
  Path Group:             clk_pixel_cw_hdmi
  Path Type:              Hold (Min at Fast Process Corner)
  Requirement:            0.000ns  (clk_pixel_cw_hdmi rise@0.000ns - clk_pixel_cw_hdmi rise@0.000ns)
  Data Path Delay:        0.348ns  (logic 0.128ns (36.761%)  route 0.220ns (63.239%))
  Logic Levels:           0  
  Clock Path Skew:        0.268ns (DCD - SCD - CPR)
    Destination Clock Delay (DCD):    -0.351ns
    Source Clock Delay      (SCD):    -0.580ns
    Clock Pessimism Removal (CPR):    -0.039ns

    Location             Delay type                Incr(ns)  Path(ns)    Netlist Resource(s)
  -------------------------------------------------------------------    -------------------
                         (clock clk_pixel_cw_hdmi rise edge)
                                                      0.000     0.000 r  
    N15                                               0.000     0.000 r  clk_100mhz (IN)
                         net (fo=0)                   0.000     0.000    wizard_migcam/clk_100mhz
    N15                  IBUF (Prop_ibuf_I_O)         0.209     0.209 r  wizard_migcam/clkin1_ibufg/O
                         net (fo=1, routed)           0.440     0.649    wizard_migcam/clk_in1_cw_fast
    PLLE2_ADV_X0Y0       PLLE2_ADV (Prop_plle2_adv_CLKIN1_CLKOUT0)
                                                     -2.326    -1.677 r  wizard_migcam/plle2_adv_inst/CLKOUT0
                         net (fo=1, routed)           0.504    -1.173    wizard_migcam/clk_100_cw_fast
    BUFGCTRL_X0Y5        BUFG (Prop_bufg_I_O)         0.026    -1.147 r  wizard_migcam/clkout1_buf/O
                         net (fo=1, routed)           0.549    -0.598    wizard_hdmi/clk_100
    MMCME2_ADV_X1Y0      MMCME2_ADV (Prop_mmcme2_adv_CLKIN1_CLKOUT0)
                                                     -1.061    -1.659 r  wizard_hdmi/mmcm_adv_inst/CLKOUT0
                         net (fo=1, routed)           0.486    -1.173    wizard_hdmi/clk_pixel_cw_hdmi
    BUFGCTRL_X0Y0        BUFG (Prop_bufg_I_O)         0.026    -1.147 r  wizard_hdmi/clkout1_buf/O
                         net (fo=2611, routed)        0.567    -0.580    genblk1[3].filterm/m_lbuff/clk_pixel
    SLICE_X11Y48         FDRE                                         r  genblk1[3].filterm/m_lbuff/vcount_out_reg[9]/C
  -------------------------------------------------------------------    -------------------
    SLICE_X11Y48         FDRE (Prop_fdre_C_Q)         0.128    -0.452 r  genblk1[3].filterm/m_lbuff/vcount_out_reg[9]/Q
                         net (fo=3, routed)           0.220    -0.232    genblk1[3].filterm/mconv/vcount_buff[9]
    SLICE_X10Y51         SRL16E                                       r  genblk1[3].filterm/mconv/vcount_out_pipe_reg[1][9]_srl2/D
  -------------------------------------------------------------------    -------------------

                         (clock clk_pixel_cw_hdmi rise edge)
                                                      0.000     0.000 r  
    N15                                               0.000     0.000 r  clk_100mhz (IN)
                         net (fo=0)                   0.000     0.000    wizard_migcam/clk_100mhz
    N15                  IBUF (Prop_ibuf_I_O)         0.396     0.396 r  wizard_migcam/clkin1_ibufg/O
                         net (fo=1, routed)           0.481     0.877    wizard_migcam/clk_in1_cw_fast
    PLLE2_ADV_X0Y0       PLLE2_ADV (Prop_plle2_adv_CLKIN1_CLKOUT0)
                                                     -2.641    -1.764 r  wizard_migcam/plle2_adv_inst/CLKOUT0
                         net (fo=1, routed)           0.550    -1.214    wizard_migcam/clk_100_cw_fast
    BUFGCTRL_X0Y5        BUFG (Prop_bufg_I_O)         0.029    -1.185 r  wizard_migcam/clkout1_buf/O
                         net (fo=1, routed)           0.817    -0.369    wizard_hdmi/clk_100
    MMCME2_ADV_X1Y0      MMCME2_ADV (Prop_mmcme2_adv_CLKIN1_CLKOUT0)
                                                     -1.375    -1.744 r  wizard_hdmi/mmcm_adv_inst/CLKOUT0
                         net (fo=1, routed)           0.530    -1.214    wizard_hdmi/clk_pixel_cw_hdmi
    BUFGCTRL_X0Y0        BUFG (Prop_bufg_I_O)         0.029    -1.185 r  wizard_hdmi/clkout1_buf/O
                         net (fo=2611, routed)        0.834    -0.351    genblk1[3].filterm/mconv/clk_pixel
    SLICE_X10Y51         SRL16E                                       r  genblk1[3].filterm/mconv/vcount_out_pipe_reg[1][9]_srl2/CLK
                         clock pessimism              0.039    -0.312    
    SLICE_X10Y51         SRL16E (Hold_srl16e_CLK_D)
                                                      0.056    -0.256    genblk1[3].filterm/mconv/vcount_out_pipe_reg[1][9]_srl2
  -------------------------------------------------------------------
                         required time                          0.256    
                         arrival time                          -0.232    
  -------------------------------------------------------------------
                         slack                                  0.024    





Pulse Width Checks
--------------------------------------------------------------------------------------
Clock Name:         clk_pixel_cw_hdmi
Waveform(ns):       { 0.000 6.734 }
Period(ns):         13.468
Sources:            { wizard_hdmi/mmcm_adv_inst/CLKOUT0 }

Check Type        Corner  Lib Pin             Reference Pin  Required(ns)  Actual(ns)  Slack(ns)  Location         Pin
Min Period        n/a     DSP48E1/CLK         n/a            3.884         13.468      9.584      DSP48_X0Y20      addra_reg/CLK
Max Period        n/a     MMCME2_ADV/CLKOUT0  n/a            213.360       13.468      199.892    MMCME2_ADV_X1Y0  wizard_hdmi/mmcm_adv_inst/CLKOUT0
Low Pulse Width   Slow    SRL16E/CLK          n/a            0.980         6.734       5.754      SLICE_X14Y20     ch_red_pipe_reg[5][0]_srl6/CLK
High Pulse Width  Slow    SRL16E/CLK          n/a            0.980         6.734       5.754      SLICE_X14Y20     ch_red_pipe_reg[5][0]_srl6/CLK



---------------------------------------------------------------------------------------------------
From Clock:  clk_tmds_cw_hdmi
  To Clock:  clk_tmds_cw_hdmi

Setup :           NA  Failing Endpoints,  Worst Slack           NA  ,  Total Violation           NA
Hold  :           NA  Failing Endpoints,  Worst Slack           NA  ,  Total Violation           NA
PW    :            0  Failing Endpoints,  Worst Slack        0.538ns,  Total Violation        0.000ns
---------------------------------------------------------------------------------------------------


Pulse Width Checks
--------------------------------------------------------------------------------------
Clock Name:         clk_tmds_cw_hdmi
Waveform(ns):       { 0.000 1.347 }
Period(ns):         2.694
Sources:            { wizard_hdmi/mmcm_adv_inst/CLKOUT1 }

Check Type  Corner  Lib Pin             Reference Pin  Required(ns)  Actual(ns)  Slack(ns)  Location         Pin
Min Period  n/a     BUFG/I              n/a            2.155         2.694       0.538      BUFGCTRL_X0Y1    wizard_hdmi/clkout2_buf/I
Max Period  n/a     MMCME2_ADV/CLKOUT1  n/a            213.360       2.694       210.666    MMCME2_ADV_X1Y0  wizard_hdmi/mmcm_adv_inst/CLKOUT1



---------------------------------------------------------------------------------------------------
From Clock:  clkfbout_cw_hdmi
  To Clock:  clkfbout_cw_hdmi

Setup :           NA  Failing Endpoints,  Worst Slack           NA  ,  Total Violation           NA
Hold  :           NA  Failing Endpoints,  Worst Slack           NA  ,  Total Violation           NA
PW    :            0  Failing Endpoints,  Worst Slack       47.845ns,  Total Violation        0.000ns
---------------------------------------------------------------------------------------------------


Pulse Width Checks
--------------------------------------------------------------------------------------
Clock Name:         clkfbout_cw_hdmi
Waveform(ns):       { 0.000 25.000 }
Period(ns):         50.000
Sources:            { wizard_hdmi/mmcm_adv_inst/CLKFBOUT }

Check Type  Corner  Lib Pin             Reference Pin  Required(ns)  Actual(ns)  Slack(ns)  Location         Pin
Min Period  n/a     BUFG/I              n/a            2.155         50.000      47.845     BUFGCTRL_X0Y3    wizard_hdmi/clkf_buf/I
Max Period  n/a     MMCME2_ADV/CLKFBIN  n/a            100.000       50.000      50.000     MMCME2_ADV_X1Y0  wizard_hdmi/mmcm_adv_inst/CLKFBIN



---------------------------------------------------------------------------------------------------
From Clock:  clk_camera_cw_fast
  To Clock:  clk_camera_cw_fast

Setup :            0  Failing Endpoints,  Worst Slack        0.587ns,  Total Violation        0.000ns
Hold  :            0  Failing Endpoints,  Worst Slack        0.106ns,  Total Violation        0.000ns
PW    :            0  Failing Endpoints,  Worst Slack        2.000ns,  Total Violation        0.000ns
---------------------------------------------------------------------------------------------------


Max Delay Paths
--------------------------------------------------------------------------------------
Slack (MET) :             0.587ns  (required time - arrival time)
  Source:                 crw/sccb_c/delay_reg_reg[4]/C
                            (rising edge-triggered cell FDRE clocked by clk_camera_cw_fast  {rise@0.000ns fall@2.500ns period=5.000ns})
  Destination:            crw/sccb_c/sda_o_reg_reg/CE
                            (rising edge-triggered cell FDSE clocked by clk_camera_cw_fast  {rise@0.000ns fall@2.500ns period=5.000ns})
  Path Group:             clk_camera_cw_fast
  Path Type:              Setup (Max at Slow Process Corner)
  Requirement:            5.000ns  (clk_camera_cw_fast rise@5.000ns - clk_camera_cw_fast rise@0.000ns)
  Data Path Delay:        4.122ns  (logic 1.244ns (30.177%)  route 2.878ns (69.823%))
  Logic Levels:           4  (LUT2=1 LUT4=1 LUT6=2)
  Clock Path Skew:        -0.019ns (DCD - SCD + CPR)
    Destination Clock Delay (DCD):    -2.033ns = ( 2.967 - 5.000 ) 
    Source Clock Delay      (SCD):    -2.428ns
    Clock Pessimism Removal (CPR):    -0.414ns
  Clock Uncertainty:      0.067ns  ((TSJ^2 + DJ^2)^1/2) / 2 + PE
    Total System Jitter     (TSJ):    0.071ns
    Discrete Jitter          (DJ):    0.113ns
    Phase Error              (PE):    0.000ns

    Location             Delay type                Incr(ns)  Path(ns)    Netlist Resource(s)
  -------------------------------------------------------------------    -------------------
                         (clock clk_camera_cw_fast rise edge)
                                                      0.000     0.000 r  
    N15                                               0.000     0.000 r  clk_100mhz (IN)
                         net (fo=0)                   0.000     0.000    wizard_migcam/clk_100mhz
    N15                  IBUF (Prop_ibuf_I_O)         1.440     1.440 r  wizard_migcam/clkin1_ibufg/O
                         net (fo=1, routed)           1.253     2.693    wizard_migcam/clk_in1_cw_fast
    PLLE2_ADV_X0Y0       PLLE2_ADV (Prop_plle2_adv_CLKIN1_CLKOUT2)
                                                     -8.486    -5.792 r  wizard_migcam/plle2_adv_inst/CLKOUT2
                         net (fo=1, routed)           1.660    -4.132    wizard_migcam/clk_camera_cw_fast
    BUFGCTRL_X0Y2        BUFG (Prop_bufg_I_O)         0.096    -4.036 r  wizard_migcam/clkout3_buf/O
                         net (fo=227, routed)         1.608    -2.428    crw/sccb_c/clk_camera
    SLICE_X2Y76          FDRE                                         r  crw/sccb_c/delay_reg_reg[4]/C
  -------------------------------------------------------------------    -------------------
    SLICE_X2Y76          FDRE (Prop_fdre_C_Q)         0.518    -1.910 f  crw/sccb_c/delay_reg_reg[4]/Q
                         net (fo=3, routed)           1.044    -0.866    crw/sccb_c/delay_reg[4]
    SLICE_X2Y75          LUT4 (Prop_lut4_I0_O)        0.150    -0.716 f  crw/sccb_c/FSM_sequential_phy_state_reg[3]_i_6/O
                         net (fo=1, routed)           0.452    -0.264    crw/sccb_c/FSM_sequential_phy_state_reg[3]_i_6_n_0
    SLICE_X2Y75          LUT6 (Prop_lut6_I0_O)        0.328     0.064 f  crw/sccb_c/FSM_sequential_phy_state_reg[3]_i_3/O
                         net (fo=20, routed)          0.466     0.530    crw/sccb_c/FSM_sequential_phy_state_reg[3]_i_3_n_0
    SLICE_X1Y77          LUT2 (Prop_lut2_I1_O)        0.124     0.654 r  crw/sccb_c/FSM_sequential_phy_state_reg[3]_i_1/O
                         net (fo=6, routed)           0.585     1.239    crw/sccb_c/FSM_sequential_phy_state_reg[3]_i_1_n_0
    SLICE_X3Y77          LUT6 (Prop_lut6_I0_O)        0.124     1.363 r  crw/sccb_c/sda_o_reg_i_1/O
                         net (fo=1, routed)           0.332     1.694    crw/sccb_c/sda_o_next11_out
    SLICE_X3Y78          FDSE                                         r  crw/sccb_c/sda_o_reg_reg/CE
  -------------------------------------------------------------------    -------------------

                         (clock clk_camera_cw_fast rise edge)
                                                      5.000     5.000 r  
    N15                                               0.000     5.000 r  clk_100mhz (IN)
                         net (fo=0)                   0.000     5.000    wizard_migcam/clk_100mhz
    N15                  IBUF (Prop_ibuf_I_O)         1.370     6.370 r  wizard_migcam/clkin1_ibufg/O
                         net (fo=1, routed)           1.181     7.551    wizard_migcam/clk_in1_cw_fast
    PLLE2_ADV_X0Y0       PLLE2_ADV (Prop_plle2_adv_CLKIN1_CLKOUT2)
                                                     -7.753    -0.202 r  wizard_migcam/plle2_adv_inst/CLKOUT2
                         net (fo=1, routed)           1.582     1.380    wizard_migcam/clk_camera_cw_fast
    BUFGCTRL_X0Y2        BUFG (Prop_bufg_I_O)         0.091     1.471 r  wizard_migcam/clkout3_buf/O
                         net (fo=227, routed)         1.497     2.967    crw/sccb_c/clk_camera
    SLICE_X3Y78          FDSE                                         r  crw/sccb_c/sda_o_reg_reg/C
                         clock pessimism             -0.414     2.553    
                         clock uncertainty           -0.067     2.486    
    SLICE_X3Y78          FDSE (Setup_fdse_C_CE)      -0.205     2.281    crw/sccb_c/sda_o_reg_reg
  -------------------------------------------------------------------
                         required time                          2.281    
                         arrival time                          -1.694    
  -------------------------------------------------------------------
                         slack                                  0.587    





Min Delay Paths
--------------------------------------------------------------------------------------
Slack (MET) :             0.106ns  (arrival time - required time)
  Source:                 pixel_reconstruct_inst/pixel_hcount_out_reg[3]/C
                            (rising edge-triggered cell FDRE clocked by clk_camera_cw_fast  {rise@0.000ns fall@2.500ns period=5.000ns})
  Destination:            cdc_fifo/U0/inst_fifo_gen/gconvfifo.rf/grf.rf/gntv_or_sync_fifo.mem/gbm.gbmg.gbmga.ngecc.bmg/inst_blk_mem_gen/gnbram.gnativebmg.native_blk_mem_gen/valid.cstr/ramloop[0].ram.r/prim_noinit.ram/DEVICE_7SERIES.NO_BMM_INFO.SDP.WIDE_PRIM36_NO_ECC.ram/DIBDI[17]
                            (rising edge-triggered cell RAMB36E1 clocked by clk_camera_cw_fast  {rise@0.000ns fall@2.500ns period=5.000ns})
  Path Group:             clk_camera_cw_fast
  Path Type:              Hold (Min at Fast Process Corner)
  Requirement:            0.000ns  (clk_camera_cw_fast rise@0.000ns - clk_camera_cw_fast rise@0.000ns)
  Data Path Delay:        0.480ns  (logic 0.164ns (34.141%)  route 0.316ns (65.859%))
  Logic Levels:           0  
  Clock Path Skew:        0.078ns (DCD - SCD - CPR)
    Destination Clock Delay (DCD):    -0.307ns
    Source Clock Delay      (SCD):    -0.581ns
    Clock Pessimism Removal (CPR):    0.195ns

    Location             Delay type                Incr(ns)  Path(ns)    Netlist Resource(s)
  -------------------------------------------------------------------    -------------------
                         (clock clk_camera_cw_fast rise edge)
                                                      0.000     0.000 r  
    N15                                               0.000     0.000 r  clk_100mhz (IN)
                         net (fo=0)                   0.000     0.000    wizard_migcam/clk_100mhz
    N15                  IBUF (Prop_ibuf_I_O)         0.209     0.209 r  wizard_migcam/clkin1_ibufg/O
                         net (fo=1, routed)           0.440     0.649    wizard_migcam/clk_in1_cw_fast
    PLLE2_ADV_X0Y0       PLLE2_ADV (Prop_plle2_adv_CLKIN1_CLKOUT2)
                                                     -2.326    -1.677 r  wizard_migcam/plle2_adv_inst/CLKOUT2
                         net (fo=1, routed)           0.504    -1.173    wizard_migcam/clk_camera_cw_fast
    BUFGCTRL_X0Y2        BUFG (Prop_bufg_I_O)         0.026    -1.147 r  wizard_migcam/clkout3_buf/O
                         net (fo=227, routed)         0.566    -0.581    pixel_reconstruct_inst/clk_camera
    SLICE_X10Y44         FDRE                                         r  pixel_reconstruct_inst/pixel_hcount_out_reg[3]/C
  -------------------------------------------------------------------    -------------------
    SLICE_X10Y44         FDRE (Prop_fdre_C_Q)         0.164    -0.417 r  pixel_reconstruct_inst/pixel_hcount_out_reg[3]/Q
                         net (fo=5, routed)           0.316    -0.101    cdc_fifo/U0/inst_fifo_gen/gconvfifo.rf/grf.rf/gntv_or_sync_fifo.mem/gbm.gbmg.gbmga.ngecc.bmg/inst_blk_mem_gen/gnbram.gnativebmg.native_blk_mem_gen/valid.cstr/ramloop[0].ram.r/prim_noinit.ram/din[29]
    RAMB36_X0Y9          RAMB36E1                                     r  cdc_fifo/U0/inst_fifo_gen/gconvfifo.rf/grf.rf/gntv_or_sync_fifo.mem/gbm.gbmg.gbmga.ngecc.bmg/inst_blk_mem_gen/gnbram.gnativebmg.native_blk_mem_gen/valid.cstr/ramloop[0].ram.r/prim_noinit.ram/DEVICE_7SERIES.NO_BMM_INFO.SDP.WIDE_PRIM36_NO_ECC.ram/DIBDI[17]
  -------------------------------------------------------------------    -------------------

                         (clock clk_camera_cw_fast rise edge)
                                                      0.000     0.000 r  
    N15                                               0.000     0.000 r  clk_100mhz (IN)
                         net (fo=0)                   0.000     0.000    wizard_migcam/clk_100mhz
    N15                  IBUF (Prop_ibuf_I_O)         0.396     0.396 r  wizard_migcam/clkin1_ibufg/O
                         net (fo=1, routed)           0.481     0.877    wizard_migcam/clk_in1_cw_fast
    PLLE2_ADV_X0Y0       PLLE2_ADV (Prop_plle2_adv_CLKIN1_CLKOUT2)
                                                     -2.641    -1.764 r  wizard_migcam/plle2_adv_inst/CLKOUT2
                         net (fo=1, routed)           0.550    -1.214    wizard_migcam/clk_camera_cw_fast
    BUFGCTRL_X0Y2        BUFG (Prop_bufg_I_O)         0.029    -1.185 r  wizard_migcam/clkout3_buf/O
                         net (fo=227, routed)         0.878    -0.307    cdc_fifo/U0/inst_fifo_gen/gconvfifo.rf/grf.rf/gntv_or_sync_fifo.mem/gbm.gbmg.gbmga.ngecc.bmg/inst_blk_mem_gen/gnbram.gnativebmg.native_blk_mem_gen/valid.cstr/ramloop[0].ram.r/prim_noinit.ram/wr_clk
    RAMB36_X0Y9          RAMB36E1                                     r  cdc_fifo/U0/inst_fifo_gen/gconvfifo.rf/grf.rf/gntv_or_sync_fifo.mem/gbm.gbmg.gbmga.ngecc.bmg/inst_blk_mem_gen/gnbram.gnativebmg.native_blk_mem_gen/valid.cstr/ramloop[0].ram.r/prim_noinit.ram/DEVICE_7SERIES.NO_BMM_INFO.SDP.WIDE_PRIM36_NO_ECC.ram/CLKBWRCLK
                         clock pessimism             -0.195    -0.503    
    RAMB36_X0Y9          RAMB36E1 (Hold_ramb36e1_CLKBWRCLK_DIBDI[17])
                                                      0.296    -0.207    cdc_fifo/U0/inst_fifo_gen/gconvfifo.rf/grf.rf/gntv_or_sync_fifo.mem/gbm.gbmg.gbmga.ngecc.bmg/inst_blk_mem_gen/gnbram.gnativebmg.native_blk_mem_gen/valid.cstr/ramloop[0].ram.r/prim_noinit.ram/DEVICE_7SERIES.NO_BMM_INFO.SDP.WIDE_PRIM36_NO_ECC.ram
  -------------------------------------------------------------------
                         required time                          0.207    
                         arrival time                          -0.101    
  -------------------------------------------------------------------
                         slack                                  0.106    





Pulse Width Checks
--------------------------------------------------------------------------------------
Clock Name:         clk_camera_cw_fast
Waveform(ns):       { 0.000 2.500 }
Period(ns):         5.000
Sources:            { wizard_migcam/plle2_adv_inst/CLKOUT2 }

Check Type        Corner  Lib Pin             Reference Pin  Required(ns)  Actual(ns)  Slack(ns)  Location        Pin
Min Period        n/a     RAMB18E1/CLKARDCLK  n/a            2.944         5.000       2.056      RAMB18_X0Y30    registers/BRAM_reg/CLKARDCLK
Max Period        n/a     PLLE2_ADV/CLKOUT2   n/a            160.000       5.000       155.000    PLLE2_ADV_X0Y0  wizard_migcam/plle2_adv_inst/CLKOUT2
Low Pulse Width   Slow    FDRE/C              n/a            0.500         2.500       2.000      SLICE_X11Y43    cam_hsync_buf_reg[0]/C
High Pulse Width  Slow    FDRE/C              n/a            0.500         2.500       2.000      SLICE_X11Y43    cam_hsync_buf_reg[0]/C



---------------------------------------------------------------------------------------------------
From Clock:  clk_xc_cw_fast
  To Clock:  clk_xc_cw_fast

Setup :           NA  Failing Endpoints,  Worst Slack           NA  ,  Total Violation           NA
Hold  :           NA  Failing Endpoints,  Worst Slack           NA  ,  Total Violation           NA
PW    :            0  Failing Endpoints,  Worst Slack       37.845ns,  Total Violation        0.000ns
---------------------------------------------------------------------------------------------------


Pulse Width Checks
--------------------------------------------------------------------------------------
Clock Name:         clk_xc_cw_fast
Waveform(ns):       { 0.000 20.000 }
Period(ns):         40.000
Sources:            { wizard_migcam/plle2_adv_inst/CLKOUT3 }

Check Type  Corner  Lib Pin            Reference Pin  Required(ns)  Actual(ns)  Slack(ns)  Location        Pin
Min Period  n/a     BUFG/I             n/a            2.155         40.000      37.845     BUFGCTRL_X0Y6   wizard_migcam/clkout4_buf/I
Max Period  n/a     PLLE2_ADV/CLKOUT3  n/a            160.000       40.000      120.000    PLLE2_ADV_X0Y0  wizard_migcam/plle2_adv_inst/CLKOUT3



---------------------------------------------------------------------------------------------------
From Clock:  clkfbout_cw_fast
  To Clock:  clkfbout_cw_fast

Setup :           NA  Failing Endpoints,  Worst Slack           NA  ,  Total Violation           NA
Hold  :           NA  Failing Endpoints,  Worst Slack           NA  ,  Total Violation           NA
PW    :            0  Failing Endpoints,  Worst Slack        7.845ns,  Total Violation        0.000ns
---------------------------------------------------------------------------------------------------


Pulse Width Checks
--------------------------------------------------------------------------------------
Clock Name:         clkfbout_cw_fast
Waveform(ns):       { 0.000 5.000 }
Period(ns):         10.000
Sources:            { wizard_migcam/plle2_adv_inst/CLKFBOUT }

Check Type  Corner  Lib Pin            Reference Pin  Required(ns)  Actual(ns)  Slack(ns)  Location        Pin
Min Period  n/a     BUFG/I             n/a            2.155         10.000      7.845      BUFGCTRL_X0Y4   wizard_migcam/clkf_buf/I
Max Period  n/a     PLLE2_ADV/CLKFBIN  n/a            52.633        10.000      42.633     PLLE2_ADV_X0Y0  wizard_migcam/plle2_adv_inst/CLKFBIN



---------------------------------------------------------------------------------------------------
From Clock:  clk_camera_cw_fast
  To Clock:  clk_pixel_cw_hdmi

Setup :            0  Failing Endpoints,  Worst Slack        3.484ns,  Total Violation        0.000ns
Hold  :           NA  Failing Endpoints,  Worst Slack           NA  ,  Total Violation           NA
---------------------------------------------------------------------------------------------------


Max Delay Paths
--------------------------------------------------------------------------------------
Slack (MET) :             3.484ns  (required time - arrival time)
  Source:                 cdc_fifo/U0/inst_fifo_gen/gconvfifo.rf/grf.rf/gntv_or_sync_fifo.gcx.clkx/wr_pntr_cdc_inst/src_gray_ff_reg[0]/C
                            (rising edge-triggered cell FDRE clocked by clk_camera_cw_fast  {rise@0.000ns fall@2.500ns period=5.000ns})
  Destination:            cdc_fifo/U0/inst_fifo_gen/gconvfifo.rf/grf.rf/gntv_or_sync_fifo.gcx.clkx/wr_pntr_cdc_inst/dest_graysync_ff_reg[0][0]/D
                            (rising edge-triggered cell FDRE clocked by clk_pixel_cw_hdmi  {rise@0.000ns fall@6.734ns period=13.468ns})
  Path Group:             clk_pixel_cw_hdmi
  Path Type:              Setup (Max at Slow Process Corner)
  Requirement:            5.000ns  (MaxDelay Path 5.000ns)
  Data Path Delay:        1.462ns  (logic 0.518ns (35.423%)  route 0.944ns (64.577%))
  Logic Levels:           0  
  Timing Exception:       MaxDelay Path 5.000ns -datapath_only

    Location             Delay type                Incr(ns)  Path(ns)    Netlist Resource(s)
  -------------------------------------------------------------------    -------------------
    SLICE_X8Y41                                       0.000     0.000 r  cdc_fifo/U0/inst_fifo_gen/gconvfifo.rf/grf.rf/gntv_or_sync_fifo.gcx.clkx/wr_pntr_cdc_inst/src_gray_ff_reg[0]/C
    SLICE_X8Y41          FDRE (Prop_fdre_C_Q)         0.518     0.518 r  cdc_fifo/U0/inst_fifo_gen/gconvfifo.rf/grf.rf/gntv_or_sync_fifo.gcx.clkx/wr_pntr_cdc_inst/src_gray_ff_reg[0]/Q
                         net (fo=1, routed)           0.944     1.462    cdc_fifo/U0/inst_fifo_gen/gconvfifo.rf/grf.rf/gntv_or_sync_fifo.gcx.clkx/wr_pntr_cdc_inst/async_path[0]
    SLICE_X10Y41         FDRE                                         r  cdc_fifo/U0/inst_fifo_gen/gconvfifo.rf/grf.rf/gntv_or_sync_fifo.gcx.clkx/wr_pntr_cdc_inst/dest_graysync_ff_reg[0][0]/D
  -------------------------------------------------------------------    -------------------

                         max delay                    5.000     5.000    
    SLICE_X10Y41         FDRE (Setup_fdre_C_D)       -0.054     4.946    cdc_fifo/U0/inst_fifo_gen/gconvfifo.rf/grf.rf/gntv_or_sync_fifo.gcx.clkx/wr_pntr_cdc_inst/dest_graysync_ff_reg[0][0]
  -------------------------------------------------------------------
                         required time                          4.946    
                         arrival time                          -1.462    
  -------------------------------------------------------------------
                         slack                                  3.484    





---------------------------------------------------------------------------------------------------
From Clock:  clk_pixel_cw_hdmi
  To Clock:  clk_camera_cw_fast

Setup :            0  Failing Endpoints,  Worst Slack       12.112ns,  Total Violation        0.000ns
Hold  :           NA  Failing Endpoints,  Worst Slack           NA  ,  Total Violation           NA
---------------------------------------------------------------------------------------------------


Max Delay Paths
--------------------------------------------------------------------------------------
Slack (MET) :             12.112ns  (required time - arrival time)
  Source:                 cdc_fifo/U0/inst_fifo_gen/gconvfifo.rf/grf.rf/gntv_or_sync_fifo.gcx.clkx/rd_pntr_cdc_inst/src_gray_ff_reg[5]/C
                            (rising edge-triggered cell FDRE clocked by clk_pixel_cw_hdmi  {rise@0.000ns fall@6.734ns period=13.468ns})
  Destination:            cdc_fifo/U0/inst_fifo_gen/gconvfifo.rf/grf.rf/gntv_or_sync_fifo.gcx.clkx/rd_pntr_cdc_inst/dest_graysync_ff_reg[0][5]/D
                            (rising edge-triggered cell FDRE clocked by clk_camera_cw_fast  {rise@0.000ns fall@2.500ns period=5.000ns})
  Path Group:             clk_camera_cw_fast
  Path Type:              Setup (Max at Slow Process Corner)
  Requirement:            13.468ns  (MaxDelay Path 13.468ns)
  Data Path Delay:        1.137ns  (logic 0.478ns (42.051%)  route 0.659ns (57.949%))
  Logic Levels:           0  
  Timing Exception:       MaxDelay Path 13.468ns -datapath_only

    Location             Delay type                Incr(ns)  Path(ns)    Netlist Resource(s)
  -------------------------------------------------------------------    -------------------
    SLICE_X10Y41                                      0.000     0.000 r  cdc_fifo/U0/inst_fifo_gen/gconvfifo.rf/grf.rf/gntv_or_sync_fifo.gcx.clkx/rd_pntr_cdc_inst/src_gray_ff_reg[5]/C
    SLICE_X10Y41         FDRE (Prop_fdre_C_Q)         0.478     0.478 r  cdc_fifo/U0/inst_fifo_gen/gconvfifo.rf/grf.rf/gntv_or_sync_fifo.gcx.clkx/rd_pntr_cdc_inst/src_gray_ff_reg[5]/Q
                         net (fo=1, routed)           0.659     1.137    cdc_fifo/U0/inst_fifo_gen/gconvfifo.rf/grf.rf/gntv_or_sync_fifo.gcx.clkx/rd_pntr_cdc_inst/async_path[5]
    SLICE_X12Y41         FDRE                                         r  cdc_fifo/U0/inst_fifo_gen/gconvfifo.rf/grf.rf/gntv_or_sync_fifo.gcx.clkx/rd_pntr_cdc_inst/dest_graysync_ff_reg[0][5]/D
  -------------------------------------------------------------------    -------------------

                         max delay                   13.468    13.468    
    SLICE_X12Y41         FDRE (Setup_fdre_C_D)       -0.219    13.249    cdc_fifo/U0/inst_fifo_gen/gconvfifo.rf/grf.rf/gntv_or_sync_fifo.gcx.clkx/rd_pntr_cdc_inst/dest_graysync_ff_reg[0][5]
  -------------------------------------------------------------------
                         required time                         13.249    
                         arrival time                          -1.137    
  -------------------------------------------------------------------
                         slack                                 12.112    





