Copyright 1986-2022 Xilinx, Inc. All Rights Reserved. Copyright 2022-2024 Advanced Micro Devices, Inc. All Rights Reserved.
---------------------------------------------------------------------------------------------------------------------------------------------
| Tool Version : Vivado v.2024.1 (lin64) Build 5076996 Wed May 22 18:36:09 MDT 2024
| Date         : Tue Dec 10 16:50:15 2024
| Host         : eecs-digital-47 running 64-bit Ubuntu 24.04.1 LTS
| Command      : report_timing -file obj/post_route_timing.rpt
| Design       : top_level
| Device       : 7s50-csga324
| Speed File   : -1  PRODUCTION 1.23 2018-06-13
| Design State : Routed
---------------------------------------------------------------------------------------------------------------------------------------------

Timing Report

Slack (MET) :             0.317ns  (required time - arrival time)
  Source:                 crw/sccb_c/FSM_sequential_phy_state_reg_reg[1]/C
                            (rising edge-triggered cell FDRE clocked by clk_camera_cw_fast  {rise@0.000ns fall@2.500ns period=5.000ns})
  Destination:            crw/sccb_c/delay_reg_reg[14]/CE
                            (rising edge-triggered cell FDRE clocked by clk_camera_cw_fast  {rise@0.000ns fall@2.500ns period=5.000ns})
  Path Group:             clk_camera_cw_fast
  Path Type:              Setup (Max at Slow Process Corner)
  Requirement:            5.000ns  (clk_camera_cw_fast rise@5.000ns - clk_camera_cw_fast rise@0.000ns)
  Data Path Delay:        4.376ns  (logic 1.090ns (24.909%)  route 3.286ns (75.091%))
  Logic Levels:           4  (LUT2=1 LUT4=1 LUT5=1 LUT6=1)
  Clock Path Skew:        -0.035ns (DCD - SCD + CPR)
    Destination Clock Delay (DCD):    -2.029ns = ( 2.971 - 5.000 ) 
    Source Clock Delay      (SCD):    -2.422ns
    Clock Pessimism Removal (CPR):    -0.428ns
  Clock Uncertainty:      0.067ns  ((TSJ^2 + DJ^2)^1/2) / 2 + PE
    Total System Jitter     (TSJ):    0.071ns
    Discrete Jitter          (DJ):    0.113ns
    Phase Error              (PE):    0.000ns

    Location             Delay type                Incr(ns)  Path(ns)    Netlist Resource(s)
  -------------------------------------------------------------------    -------------------
                         (clock clk_camera_cw_fast rise edge)
                                                      0.000     0.000 r  
    N15                                               0.000     0.000 r  clk_100mhz (IN)
                         net (fo=0)                   0.000     0.000    wizard_migcam/clk_100mhz
    N15                  IBUF (Prop_ibuf_I_O)         1.440     1.440 r  wizard_migcam/clkin1_ibufg/O
                         net (fo=1, routed)           1.253     2.693    wizard_migcam/clk_in1_cw_fast
    PLLE2_ADV_X0Y0       PLLE2_ADV (Prop_plle2_adv_CLKIN1_CLKOUT2)
                                                     -8.486    -5.792 r  wizard_migcam/plle2_adv_inst/CLKOUT2
                         net (fo=1, routed)           1.660    -4.132    wizard_migcam/clk_camera_cw_fast
    BUFGCTRL_X0Y2        BUFG (Prop_bufg_I_O)         0.096    -4.036 r  wizard_migcam/clkout3_buf/O
                         net (fo=245, routed)         1.614    -2.422    crw/sccb_c/clk_camera
    SLICE_X4Y82          FDRE                                         r  crw/sccb_c/FSM_sequential_phy_state_reg_reg[1]/C
  -------------------------------------------------------------------    -------------------
    SLICE_X4Y82          FDRE (Prop_fdre_C_Q)         0.419    -2.003 r  crw/sccb_c/FSM_sequential_phy_state_reg_reg[1]/Q
                         net (fo=18, routed)          0.835    -1.168    crw/sccb_c/phy_state_reg[1]
    SLICE_X4Y81          LUT4 (Prop_lut4_I1_O)        0.299    -0.869 f  crw/sccb_c/addr_reg[5]_i_2/O
                         net (fo=11, routed)          0.824    -0.045    crw/sccb_c/addr_reg[5]_i_2_n_0
    SLICE_X4Y82          LUT5 (Prop_lut5_I1_O)        0.124     0.079 f  crw/sccb_c/FSM_sequential_phy_state_reg[3]_i_5/O
                         net (fo=3, routed)           0.468     0.547    crw/sccb_c/FSM_sequential_phy_state_reg[3]_i_5_n_0
    SLICE_X3Y82          LUT2 (Prop_lut2_I1_O)        0.124     0.671 r  crw/sccb_c/sda_o_reg_i_3/O
                         net (fo=2, routed)           0.529     1.200    crw/sccb_c/sda_o_reg_i_3_n_0
    SLICE_X2Y82          LUT6 (Prop_lut6_I2_O)        0.124     1.324 r  crw/sccb_c/delay_reg[16]_i_1/O
                         net (fo=17, routed)          0.630     1.954    crw/sccb_c/delay_reg[16]_i_1_n_0
    SLICE_X0Y82          FDRE                                         r  crw/sccb_c/delay_reg_reg[14]/CE
  -------------------------------------------------------------------    -------------------

                         (clock clk_camera_cw_fast rise edge)
                                                      5.000     5.000 r  
    N15                                               0.000     5.000 r  clk_100mhz (IN)
                         net (fo=0)                   0.000     5.000    wizard_migcam/clk_100mhz
    N15                  IBUF (Prop_ibuf_I_O)         1.370     6.370 r  wizard_migcam/clkin1_ibufg/O
                         net (fo=1, routed)           1.181     7.551    wizard_migcam/clk_in1_cw_fast
    PLLE2_ADV_X0Y0       PLLE2_ADV (Prop_plle2_adv_CLKIN1_CLKOUT2)
                                                     -7.753    -0.202 r  wizard_migcam/plle2_adv_inst/CLKOUT2
                         net (fo=1, routed)           1.582     1.380    wizard_migcam/clk_camera_cw_fast
    BUFGCTRL_X0Y2        BUFG (Prop_bufg_I_O)         0.091     1.471 r  wizard_migcam/clkout3_buf/O
                         net (fo=245, routed)         1.501     2.971    crw/sccb_c/clk_camera
    SLICE_X0Y82          FDRE                                         r  crw/sccb_c/delay_reg_reg[14]/C
                         clock pessimism             -0.428     2.543    
                         clock uncertainty           -0.067     2.476    
    SLICE_X0Y82          FDRE (Setup_fdre_C_CE)      -0.205     2.271    crw/sccb_c/delay_reg_reg[14]
  -------------------------------------------------------------------
                         required time                          2.271    
                         arrival time                          -1.954    
  -------------------------------------------------------------------
                         slack                                  0.317    




