Copyright 1986-2022 Xilinx, Inc. All Rights Reserved. Copyright 2022-2024 Advanced Micro Devices, Inc. All Rights Reserved.
---------------------------------------------------------------------------------------------------------------------------------------------
| Tool Version : Vivado v.2024.1 (lin64) Build 5076996 Wed May 22 18:36:09 MDT 2024
| Date         : Tue Dec 10 15:21:43 2024
| Host         : eecs-digital-07 running 64-bit Ubuntu 24.04.1 LTS
| Command      : report_utilization -file obj/post_synth_util.rpt -hierarchical -hierarchical_depth 4
| Design       : top_level
| Device       : xc7s50csga324-1
| Speed File   : -1
| Design State : Synthesized
---------------------------------------------------------------------------------------------------------------------------------------------

Utilization Design Information

Table of Contents
-----------------
1. Utilization by Hierarchy

1. Utilization by Hierarchy
---------------------------

+----------------------------------------------+---------------------------------------+------------+------------+---------+------+-----+--------+--------+------------+
|                   Instance                   |                 Module                | Total LUTs | Logic LUTs | LUTRAMs | SRLs | FFs | RAMB36 | RAMB18 | DSP Blocks |
+----------------------------------------------+---------------------------------------+------------+------------+---------+------+-----+--------+--------+------------+
| top_level                                    |                                 (top) |       1125 |       1097 |       0 |   28 | 924 |     24 |     11 |          7 |
|   (top_level)                                |                                 (top) |         30 |          2 |       0 |   28 | 212 |      0 |      0 |          0 |
|   audio                                      |                       audio_construct |        151 |        151 |       0 |    0 | 128 |      0 |      2 |          0 |
|     (audio)                                  |                       audio_construct |        114 |        114 |       0 |    0 |  96 |      0 |      2 |          0 |
|     pwm_audio                                |                                   pwm |         37 |         37 |       0 |    0 |  32 |      0 |      0 |          0 |
|       (pwm_audio)                            |                                   pwm |          7 |          7 |       0 |    0 |   0 |      0 |      0 |          0 |
|       mc                                     |                               counter |         30 |         30 |       0 |    0 |  32 |      0 |      0 |          0 |
|   blue_ser                                   |                       tmds_serializer |          0 |          0 |       0 |    0 |   0 |      0 |      0 |          0 |
|   com_m                                      |                        center_of_mass |        221 |        221 |       0 |    0 | 241 |      0 |      0 |          0 |
|     (com_m)                                  |                        center_of_mass |         81 |         81 |       0 |    0 |  89 |      0 |      0 |          0 |
|     x_com                                    |                               divider |         69 |         69 |       0 |    0 |  77 |      0 |      0 |          0 |
|     y_com__0                                 |                             divider_4 |         71 |         71 |       0 |    0 |  75 |      0 |      0 |          0 |
|   crw                                        |                      camera_registers |        106 |        106 |       0 |    0 | 104 |      0 |      0 |          0 |
|     (crw)                                    |                      camera_registers |          8 |          8 |       0 |    0 |  42 |      0 |      0 |          0 |
|     aia                                      |                        addr_increment |          8 |          8 |       0 |    0 |   9 |      0 |      0 |          0 |
|     sccb_c                                   |                            i2c_master |         90 |         90 |       0 |    0 |  53 |      0 |      0 |          0 |
|   frame_buffer                               |                         blk_mem_gen_0 |        122 |        122 |       0 |    0 |  20 |     24 |      8 |          0 |
|     (frame_buffer)                           |                         blk_mem_gen_0 |          0 |          0 |       0 |    0 |   0 |      0 |      0 |          0 |
|     U0                                       |       blk_mem_gen_0blk_mem_gen_v8_4_8 |        122 |        122 |       0 |    0 |  20 |     24 |      8 |          0 |
|       (U0)                                   |       blk_mem_gen_0blk_mem_gen_v8_4_8 |          0 |          0 |       0 |    0 |   0 |      0 |      0 |          0 |
|       inst_blk_mem_gen                       | blk_mem_gen_0blk_mem_gen_v8_4_8_synth |        122 |        122 |       0 |    0 |  20 |     24 |      8 |          0 |
|         gnbram.gnativebmg.native_blk_mem_gen |          blk_mem_gen_0blk_mem_gen_top |        122 |        122 |       0 |    0 |  20 |     24 |      8 |          0 |
|   green_ser                                  |                     tmds_serializer_0 |          0 |          0 |       0 |    0 |   0 |      0 |      0 |          0 |
|   mcs                                        |                        channel_select |         19 |         19 |       0 |    0 |   0 |      0 |      0 |          0 |
|   mssc                                       |                             lab05_ssc |         35 |         35 |       0 |    0 |  25 |      0 |      0 |          0 |
|   mt                                         |                             threshold |        224 |        224 |       0 |    0 |   1 |      0 |      0 |          0 |
|   mvm                                        |                             video_mux |         43 |         43 |       0 |    0 |   0 |      0 |      0 |          0 |
|   my_spi_receive                             |                           spi_receive |          5 |          5 |       0 |    0 |  28 |      0 |      0 |          0 |
|   pixel                                      |                     pixel_reconstruct |         37 |         37 |       0 |    0 |  61 |      0 |      0 |          0 |
|   red_ser                                    |                     tmds_serializer_1 |          1 |          1 |       0 |    0 |   1 |      0 |      0 |          0 |
|   registers                                  |     xilinx_single_port_ram_read_first |          6 |          6 |       0 |    0 |   0 |      0 |      1 |          0 |
|   rgbtoycrcb_m                               |                          rgb_to_ycrcb |         44 |         44 |       0 |    0 |  40 |      0 |      0 |          7 |
|   tmds_blue                                  |                          tmds_encoder |         14 |         14 |       0 |    0 |  14 |      0 |      0 |          0 |
|   tmds_green                                 |                        tmds_encoder_2 |          3 |          3 |       0 |    0 |  14 |      0 |      0 |          0 |
|   tmds_red                                   |                        tmds_encoder_3 |          3 |          3 |       0 |    0 |  14 |      0 |      0 |          0 |
|   vsg                                        |                         video_sig_gen |         60 |         60 |       0 |    0 |  21 |      0 |      0 |          0 |
|   wizard_hdmi                                |                       cw_hdmi_clk_wiz |          0 |          0 |       0 |    0 |   0 |      0 |      0 |          0 |
|   wizard_migcam                              |                       cw_fast_clk_wiz |          1 |          1 |       0 |    0 |   0 |      0 |      0 |          0 |
+----------------------------------------------+---------------------------------------+------------+------------+---------+------+-----+--------+--------+------------+


