Copyright 1986-2022 Xilinx, Inc. All Rights Reserved. Copyright 2022-2024 Advanced Micro Devices, Inc. All Rights Reserved.
---------------------------------------------------------------------------------------------------------------------------------------------
| Tool Version : Vivado v.2024.1 (lin64) Build 5076996 Wed May 22 18:36:09 MDT 2024
| Date         : Tue Dec 10 15:21:52 2024
| Host         : eecs-digital-07 running 64-bit Ubuntu 24.04.1 LTS
| Command      : report_timing -file obj/post_place_timing.rpt
| Design       : top_level
| Device       : 7s50-csga324
| Speed File   : -1  PRODUCTION 1.23 2018-06-13
| Design State : Fully Placed
---------------------------------------------------------------------------------------------------------------------------------------------

Timing Report

Slack (MET) :             0.524ns  (required time - arrival time)
  Source:                 crw/sccb_c/FSM_sequential_phy_state_reg_reg[2]/C
                            (rising edge-triggered cell FDRE clocked by clk_camera_cw_fast  {rise@0.000ns fall@2.500ns period=5.000ns})
  Destination:            crw/sccb_c/sda_o_reg_reg/CE
                            (rising edge-triggered cell FDSE clocked by clk_camera_cw_fast  {rise@0.000ns fall@2.500ns period=5.000ns})
  Path Group:             clk_camera_cw_fast
  Path Type:              Setup (Max at Slow Process Corner)
  Requirement:            5.000ns  (clk_camera_cw_fast rise@5.000ns - clk_camera_cw_fast rise@0.000ns)
  Data Path Delay:        4.187ns  (logic 1.182ns (28.230%)  route 3.005ns (71.770%))
  Logic Levels:           4  (LUT2=1 LUT4=1 LUT5=1 LUT6=1)
  Clock Path Skew:        -0.017ns (DCD - SCD + CPR)
    Destination Clock Delay (DCD):    -2.068ns = ( 2.932 - 5.000 ) 
    Source Clock Delay      (SCD):    -2.472ns
    Clock Pessimism Removal (CPR):    -0.420ns
  Clock Uncertainty:      0.067ns  ((TSJ^2 + DJ^2)^1/2) / 2 + PE
    Total System Jitter     (TSJ):    0.071ns
    Discrete Jitter          (DJ):    0.113ns
    Phase Error              (PE):    0.000ns

    Location             Delay type                Incr(ns)  Path(ns)    Netlist Resource(s)
  -------------------------------------------------------------------    -------------------
                         (clock clk_camera_cw_fast rise edge)
                                                      0.000     0.000 r  
    N15                                               0.000     0.000 r  clk_100mhz (IN)
                         net (fo=0)                   0.000     0.000    wizard_migcam/clk_100mhz
    N15                  IBUF (Prop_ibuf_I_O)         1.440     1.440 r  wizard_migcam/clkin1_ibufg/O
                         net (fo=1, estimated)        1.253     2.693    wizard_migcam/clk_in1_cw_fast
    PLLE2_ADV_X0Y0       PLLE2_ADV (Prop_plle2_adv_CLKIN1_CLKOUT2)
                                                     -8.525    -5.832 r  wizard_migcam/plle2_adv_inst/CLKOUT2
                         net (fo=1, estimated)        1.660    -4.172    wizard_migcam/clk_camera_cw_fast
    BUFGCTRL_X0Y2        BUFG (Prop_bufg_I_O)         0.096    -4.076 r  wizard_migcam/clkout3_buf/O
                         net (fo=258, estimated)      1.604    -2.472    crw/sccb_c/clk_camera
    SLICE_X3Y75          FDRE                                         r  crw/sccb_c/FSM_sequential_phy_state_reg_reg[2]/C
  -------------------------------------------------------------------    -------------------
    SLICE_X3Y75          FDRE (Prop_fdre_C_Q)         0.456    -2.016 f  crw/sccb_c/FSM_sequential_phy_state_reg_reg[2]/Q
                         net (fo=15, estimated)       1.015    -1.001    crw/sccb_c/phy_state_reg[2]
    SLICE_X2Y75          LUT4 (Prop_lut4_I3_O)        0.150    -0.851 f  crw/sccb_c/addr_reg[5]_i_2/O
                         net (fo=11, estimated)       0.829    -0.022    crw/sccb_c/addr_reg[5]_i_2_n_0
    SLICE_X2Y76          LUT5 (Prop_lut5_I1_O)        0.328     0.306 f  crw/sccb_c/FSM_sequential_phy_state_reg[3]_i_5/O
                         net (fo=3, estimated)        0.332     0.638    crw/sccb_c/FSM_sequential_phy_state_reg[3]_i_5_n_0
    SLICE_X2Y77          LUT2 (Prop_lut2_I1_O)        0.124     0.762 r  crw/sccb_c/sda_o_reg_i_3/O
                         net (fo=2, estimated)        0.449     1.211    crw/sccb_c/sda_o_reg_i_3_n_0
    SLICE_X3Y78          LUT6 (Prop_lut6_I5_O)        0.124     1.335 r  crw/sccb_c/sda_o_reg_i_1/O
                         net (fo=1, estimated)        0.380     1.715    crw/sccb_c/sda_o_next11_out
    SLICE_X3Y78          FDSE                                         r  crw/sccb_c/sda_o_reg_reg/CE
  -------------------------------------------------------------------    -------------------

                         (clock clk_camera_cw_fast rise edge)
                                                      5.000     5.000 r  
    N15                                               0.000     5.000 r  clk_100mhz (IN)
                         net (fo=0)                   0.000     5.000    wizard_migcam/clk_100mhz
    N15                  IBUF (Prop_ibuf_I_O)         1.370     6.370 r  wizard_migcam/clkin1_ibufg/O
                         net (fo=1, estimated)        1.190     7.561    wizard_migcam/clk_in1_cw_fast
    PLLE2_ADV_X0Y0       PLLE2_ADV (Prop_plle2_adv_CLKIN1_CLKOUT2)
                                                     -7.790    -0.229 r  wizard_migcam/plle2_adv_inst/CLKOUT2
                         net (fo=1, estimated)        1.577     1.348    wizard_migcam/clk_camera_cw_fast
    BUFGCTRL_X0Y2        BUFG (Prop_bufg_I_O)         0.091     1.439 r  wizard_migcam/clkout3_buf/O
                         net (fo=258, estimated)      1.493     2.932    crw/sccb_c/clk_camera
    SLICE_X3Y78          FDSE                                         r  crw/sccb_c/sda_o_reg_reg/C
                         clock pessimism             -0.420     2.511    
                         clock uncertainty           -0.067     2.445    
    SLICE_X3Y78          FDSE (Setup_fdse_C_CE)      -0.205     2.240    crw/sccb_c/sda_o_reg_reg
  -------------------------------------------------------------------
                         required time                          2.240    
                         arrival time                          -1.715    
  -------------------------------------------------------------------
                         slack                                  0.524    




