Copyright 1986-2022 Xilinx, Inc. All Rights Reserved. Copyright 2022-2024 Advanced Micro Devices, Inc. All Rights Reserved.
---------------------------------------------------------------------------------------------------------------------------------------------
| Tool Version : Vivado v.2024.1 (lin64) Build 5076996 Wed May 22 18:36:09 MDT 2024
| Date         : Tue Dec 10 15:22:00 2024
| Host         : eecs-digital-07 running 64-bit Ubuntu 24.04.1 LTS
| Command      : report_timing_summary -file obj/post_route_timing_summary.rpt
| Design       : top_level
| Device       : 7s50-csga324
| Speed File   : -1  PRODUCTION 1.23 2018-06-13
| Design State : Routed
---------------------------------------------------------------------------------------------------------------------------------------------

Timing Summary Report

------------------------------------------------------------------------------------------------
| Timer Settings
| --------------
------------------------------------------------------------------------------------------------

  Enable Multi Corner Analysis               :  Yes
  Enable Pessimism Removal                   :  Yes
  Pessimism Removal Resolution               :  Nearest Common Node
  Enable Input Delay Default Clock           :  No
  Enable Preset / Clear Arcs                 :  No
  Disable Flight Delays                      :  No
  Ignore I/O Paths                           :  No
  Timing Early Launch at Borrowing Latches   :  No
  Borrow Time for Max Delay Exceptions       :  Yes
  Merge Timing Exceptions                    :  Yes
  Inter-SLR Compensation                     :  Conservative

  Corner  Analyze    Analyze    
  Name    Max Paths  Min Paths  
  ------  ---------  ---------  
  Slow    Yes        Yes        
  Fast    Yes        Yes        


------------------------------------------------------------------------------------------------
| Report Methodology
| ------------------
------------------------------------------------------------------------------------------------

No report available as report_methodology has not been run prior. Run report_methodology on the current design for the summary of methodology violations.



check_timing report

Table of Contents
-----------------
1. checking no_clock (0)
2. checking constant_clock (0)
3. checking pulse_width_clock (0)
4. checking unconstrained_internal_endpoints (0)
5. checking no_input_delay (32)
6. checking no_output_delay (45)
7. checking multiple_clock (0)
8. checking generated_clocks (0)
9. checking loops (0)
10. checking partial_input_delay (0)
11. checking partial_output_delay (0)
12. checking latch_loops (0)

1. checking no_clock (0)
------------------------
 There are 0 register/latch pins with no clock.


2. checking constant_clock (0)
------------------------------
 There are 0 register/latch pins with constant_clock.


3. checking pulse_width_clock (0)
---------------------------------
 There are 0 register/latch pins which need pulse_width check


4. checking unconstrained_internal_endpoints (0)
------------------------------------------------
 There are 0 pins that are not constrained for maximum delay.

 There are 0 pins that are not constrained for maximum delay due to constant clock.


5. checking no_input_delay (32)
-------------------------------
 There are 32 input ports with no input delay specified. (HIGH)

 There are 0 input ports with no input delay but user has a false path constraint.


6. checking no_output_delay (45)
--------------------------------
 There are 45 ports with no output delay specified. (HIGH)

 There are 0 ports with no output delay but user has a false path constraint

 There are 0 ports with no output delay but with a timing clock defined on it or propagating through it


7. checking multiple_clock (0)
------------------------------
 There are 0 register/latch pins with multiple clocks.


8. checking generated_clocks (0)
--------------------------------
 There are 0 generated clocks that are not connected to a clock source.


9. checking loops (0)
---------------------
 There are 0 combinational loops in the design.


10. checking partial_input_delay (0)
------------------------------------
 There are 0 input ports with partial input delay specified.


11. checking partial_output_delay (0)
-------------------------------------
 There are 0 ports with partial output delay specified.


12. checking latch_loops (0)
----------------------------
 There are 0 combinational latch loops in the design through latch input



------------------------------------------------------------------------------------------------
| Design Timing Summary
| ---------------------
------------------------------------------------------------------------------------------------

    WNS(ns)      TNS(ns)  TNS Failing Endpoints  TNS Total Endpoints      WHS(ns)      THS(ns)  THS Failing Endpoints  THS Total Endpoints     WPWS(ns)     TPWS(ns)  TPWS Failing Endpoints  TPWS Total Endpoints  
    -------      -------  ---------------------  -------------------      -------      -------  ---------------------  -------------------     --------     --------  ----------------------  --------------------  
      0.403        0.000                      0                 3041        0.090        0.000                      0                 3041        0.538        0.000                       0                  1062  


All user specified timing constraints are met.


------------------------------------------------------------------------------------------------
| Clock Summary
| -------------
------------------------------------------------------------------------------------------------

Clock                  Waveform(ns)         Period(ns)      Frequency(MHz)
-----                  ------------         ----------      --------------
gclk                   {0.000 4.000}        10.000          100.000         
  clk_100_cw_fast      {0.000 5.000}        10.000          100.000         
    clk_pixel_cw_hdmi  {0.000 6.734}        13.468          74.250          
    clk_tmds_cw_hdmi   {0.000 1.347}        2.694           371.250         
    clkfbout_cw_hdmi   {0.000 25.000}       50.000          20.000          
  clk_camera_cw_fast   {0.000 2.500}        5.000           200.000         
  clk_xc_cw_fast       {0.000 20.000}       40.000          25.000          
  clkfbout_cw_fast     {0.000 5.000}        10.000          100.000         


------------------------------------------------------------------------------------------------
| Intra Clock Table
| -----------------
------------------------------------------------------------------------------------------------

Clock                      WNS(ns)      TNS(ns)  TNS Failing Endpoints  TNS Total Endpoints      WHS(ns)      THS(ns)  THS Failing Endpoints  THS Total Endpoints     WPWS(ns)     TPWS(ns)  TPWS Failing Endpoints  TPWS Total Endpoints  
-----                      -------      -------  ---------------------  -------------------      -------      -------  ---------------------  -------------------     --------     --------  ----------------------  --------------------  
gclk                                                                                                                                                                     2.000        0.000                       0                     1  
  clk_100_cw_fast                                                                                                                                                        3.000        0.000                       0                     3  
    clk_pixel_cw_hdmi        1.114        0.000                      0                 1873        0.121        0.000                      0                 1873        5.754        0.000                       0                   782  
    clk_tmds_cw_hdmi                                                                                                                                                     0.538        0.000                       0                     8  
    clkfbout_cw_hdmi                                                                                                                                                    47.845        0.000                       0                     3  
  clk_camera_cw_fast         0.403        0.000                      0                 1168        0.090        0.000                      0                 1168        2.000        0.000                       0                   260  
  clk_xc_cw_fast                                                                                                                                                        37.845        0.000                       0                     2  
  clkfbout_cw_fast                                                                                                                                                       7.845        0.000                       0                     3  


------------------------------------------------------------------------------------------------
| Inter Clock Table
| -----------------
------------------------------------------------------------------------------------------------

From Clock    To Clock          WNS(ns)      TNS(ns)  TNS Failing Endpoints  TNS Total Endpoints      WHS(ns)      THS(ns)  THS Failing Endpoints  THS Total Endpoints  
----------    --------          -------      -------  ---------------------  -------------------      -------      -------  ---------------------  -------------------  


------------------------------------------------------------------------------------------------
| Other Path Groups Table
| -----------------------
------------------------------------------------------------------------------------------------

Path Group    From Clock    To Clock          WNS(ns)      TNS(ns)  TNS Failing Endpoints  TNS Total Endpoints      WHS(ns)      THS(ns)  THS Failing Endpoints  THS Total Endpoints  
----------    ----------    --------          -------      -------  ---------------------  -------------------      -------      -------  ---------------------  -------------------  


------------------------------------------------------------------------------------------------
| Timing Details
| --------------
------------------------------------------------------------------------------------------------


---------------------------------------------------------------------------------------------------
From Clock:  gclk
  To Clock:  gclk

Setup :           NA  Failing Endpoints,  Worst Slack           NA  ,  Total Violation           NA
Hold  :           NA  Failing Endpoints,  Worst Slack           NA  ,  Total Violation           NA
PW    :            0  Failing Endpoints,  Worst Slack        2.000ns,  Total Violation        0.000ns
---------------------------------------------------------------------------------------------------


Pulse Width Checks
--------------------------------------------------------------------------------------
Clock Name:         gclk
Waveform(ns):       { 0.000 4.000 }
Period(ns):         10.000
Sources:            { clk_100mhz }

Check Type        Corner  Lib Pin           Reference Pin  Required(ns)  Actual(ns)  Slack(ns)  Location        Pin
Min Period        n/a     PLLE2_ADV/CLKIN1  n/a            1.249         10.000      8.751      PLLE2_ADV_X0Y0  wizard_migcam/plle2_adv_inst/CLKIN1
Max Period        n/a     PLLE2_ADV/CLKIN1  n/a            52.633        10.000      42.633     PLLE2_ADV_X0Y0  wizard_migcam/plle2_adv_inst/CLKIN1
Low Pulse Width   Slow    PLLE2_ADV/CLKIN1  n/a            2.000         6.000       4.000      PLLE2_ADV_X0Y0  wizard_migcam/plle2_adv_inst/CLKIN1
High Pulse Width  Slow    PLLE2_ADV/CLKIN1  n/a            2.000         4.000       2.000      PLLE2_ADV_X0Y0  wizard_migcam/plle2_adv_inst/CLKIN1



---------------------------------------------------------------------------------------------------
From Clock:  clk_100_cw_fast
  To Clock:  clk_100_cw_fast

Setup :           NA  Failing Endpoints,  Worst Slack           NA  ,  Total Violation           NA
Hold  :           NA  Failing Endpoints,  Worst Slack           NA  ,  Total Violation           NA
PW    :            0  Failing Endpoints,  Worst Slack        3.000ns,  Total Violation        0.000ns
---------------------------------------------------------------------------------------------------


Pulse Width Checks
--------------------------------------------------------------------------------------
Clock Name:         clk_100_cw_fast
Waveform(ns):       { 0.000 5.000 }
Period(ns):         10.000
Sources:            { wizard_migcam/plle2_adv_inst/CLKOUT0 }

Check Type        Corner  Lib Pin            Reference Pin  Required(ns)  Actual(ns)  Slack(ns)  Location         Pin
Min Period        n/a     BUFG/I             n/a            2.155         10.000      7.845      BUFGCTRL_X0Y5    wizard_migcam/clkout1_buf/I
Max Period        n/a     MMCME2_ADV/CLKIN1  n/a            100.000       10.000      90.000     MMCME2_ADV_X1Y0  wizard_hdmi/mmcm_adv_inst/CLKIN1
Low Pulse Width   Slow    MMCME2_ADV/CLKIN1  n/a            2.000         5.000       3.000      MMCME2_ADV_X1Y0  wizard_hdmi/mmcm_adv_inst/CLKIN1
High Pulse Width  Slow    MMCME2_ADV/CLKIN1  n/a            2.000         5.000       3.000      MMCME2_ADV_X1Y0  wizard_hdmi/mmcm_adv_inst/CLKIN1



---------------------------------------------------------------------------------------------------
From Clock:  clk_pixel_cw_hdmi
  To Clock:  clk_pixel_cw_hdmi

Setup :            0  Failing Endpoints,  Worst Slack        1.114ns,  Total Violation        0.000ns
Hold  :            0  Failing Endpoints,  Worst Slack        0.121ns,  Total Violation        0.000ns
PW    :            0  Failing Endpoints,  Worst Slack        5.754ns,  Total Violation        0.000ns
---------------------------------------------------------------------------------------------------


Max Delay Paths
--------------------------------------------------------------------------------------
Slack (MET) :             1.114ns  (required time - arrival time)
  Source:                 y_com_reg[2]/C
                            (rising edge-triggered cell FDRE clocked by clk_pixel_cw_hdmi  {rise@0.000ns fall@6.734ns period=13.468ns})
  Destination:            tmds_blue/tally_reg[3]/D
                            (rising edge-triggered cell FDRE clocked by clk_pixel_cw_hdmi  {rise@0.000ns fall@6.734ns period=13.468ns})
  Path Group:             clk_pixel_cw_hdmi
  Path Type:              Setup (Max at Slow Process Corner)
  Requirement:            13.468ns  (clk_pixel_cw_hdmi rise@13.468ns - clk_pixel_cw_hdmi rise@0.000ns)
  Data Path Delay:        12.188ns  (logic 3.054ns (25.057%)  route 9.134ns (74.943%))
  Logic Levels:           10  (CARRY4=1 LUT2=1 LUT3=2 LUT4=1 LUT5=1 LUT6=4)
  Clock Path Skew:        -0.033ns (DCD - SCD + CPR)
    Destination Clock Delay (DCD):    -2.018ns = ( 11.450 - 13.468 ) 
    Source Clock Delay      (SCD):    -2.398ns
    Clock Pessimism Removal (CPR):    -0.413ns
  Clock Uncertainty:      0.210ns  ((TSJ^2 + DJ^2)^1/2) / 2 + PE
    Total System Jitter     (TSJ):    0.071ns
    Discrete Jitter          (DJ):    0.414ns
    Phase Error              (PE):    0.000ns

    Location             Delay type                Incr(ns)  Path(ns)    Netlist Resource(s)
  -------------------------------------------------------------------    -------------------
                         (clock clk_pixel_cw_hdmi rise edge)
                                                      0.000     0.000 r  
    N15                                               0.000     0.000 r  clk_100mhz (IN)
                         net (fo=0)                   0.000     0.000    wizard_migcam/clk_100mhz
    N15                  IBUF (Prop_ibuf_I_O)         1.440     1.440 r  wizard_migcam/clkin1_ibufg/O
                         net (fo=1, routed)           1.253     2.693    wizard_migcam/clk_in1_cw_fast
    PLLE2_ADV_X0Y0       PLLE2_ADV (Prop_plle2_adv_CLKIN1_CLKOUT0)
                                                     -8.486    -5.792 r  wizard_migcam/plle2_adv_inst/CLKOUT0
                         net (fo=1, routed)           1.660    -4.132    wizard_migcam/clk_100_cw_fast
    BUFGCTRL_X0Y5        BUFG (Prop_bufg_I_O)         0.096    -4.036 r  wizard_migcam/clkout1_buf/O
                         net (fo=1, routed)           1.575    -2.461    wizard_hdmi/clk_100
    MMCME2_ADV_X1Y0      MMCME2_ADV (Prop_mmcme2_adv_CLKIN1_CLKOUT0)
                                                     -3.333    -5.793 r  wizard_hdmi/mmcm_adv_inst/CLKOUT0
                         net (fo=1, routed)           1.661    -4.132    wizard_hdmi/clk_pixel_cw_hdmi
    BUFGCTRL_X0Y0        BUFG (Prop_bufg_I_O)         0.096    -4.036 r  wizard_hdmi/clkout1_buf/O
                         net (fo=781, routed)         1.638    -2.398    clk_pixel
    SLICE_X1Y6           FDRE                                         r  y_com_reg[2]/C
  -------------------------------------------------------------------    -------------------
    SLICE_X1Y6           FDRE (Prop_fdre_C_Q)         0.456    -1.942 r  y_com_reg[2]/Q
                         net (fo=2, routed)           1.123    -0.819    tmds_blue/D[2]
    SLICE_X4Y6           LUT6 (Prop_lut6_I2_O)        0.124    -0.695 r  tmds_blue/tmds_out[1]_i_17/O
                         net (fo=1, routed)           0.000    -0.695    tmds_blue/tmds_out[1]_i_17_n_0
    SLICE_X4Y6           CARRY4 (Prop_carry4_S[0]_CO[3])
                                                      0.532    -0.163 f  tmds_blue/tmds_out_reg[1]_i_7/CO[3]
                         net (fo=25, routed)          1.890     1.727    mvm/tmds_out_reg[1]_0[0]
    SLICE_X8Y25          LUT6 (Prop_lut6_I2_O)        0.124     1.851 r  mvm/tmds_out[5]_i_4__0/O
                         net (fo=8, routed)           1.160     3.011    mt/tmds_out_reg[5]_0
    SLICE_X6Y19          LUT3 (Prop_lut3_I1_O)        0.152     3.163 r  mt/tmds_out[9]_i_8/O
                         net (fo=4, routed)           0.880     4.043    mt/tmds_out[9]_i_8_n_0
    SLICE_X6Y19          LUT2 (Prop_lut2_I1_O)        0.377     4.420 r  mt/tmds_out[6]_i_2__1/O
                         net (fo=15, routed)          1.213     5.633    mt/tmds_out[6]_i_2__1_n_0
    SLICE_X4Y20          LUT6 (Prop_lut6_I1_O)        0.331     5.964 r  mt/tally[1]_i_4/O
                         net (fo=7, routed)           0.727     6.691    mt/tally[1]_i_4_n_0
    SLICE_X4Y19          LUT5 (Prop_lut5_I0_O)        0.150     6.841 f  mt/tally[4]_i_47/O
                         net (fo=2, routed)           0.752     7.593    mt/tally[4]_i_47_n_0
    SLICE_X4Y18          LUT4 (Prop_lut4_I0_O)        0.332     7.925 f  mt/tally[4]_i_26__0/O
                         net (fo=3, routed)           0.799     8.725    mt/tally[4]_i_26__0_n_0
    SLICE_X1Y17          LUT3 (Prop_lut3_I2_O)        0.150     8.875 r  mt/tally[3]_i_3__1/O
                         net (fo=1, routed)           0.590     9.465    mt/tally[3]_i_3__1_n_0
    SLICE_X2Y17          LUT6 (Prop_lut6_I2_O)        0.326     9.791 r  mt/tally[3]_i_1__1/O
                         net (fo=1, routed)           0.000     9.791    tmds_blue/tally_reg[4]_1[2]
    SLICE_X2Y17          FDRE                                         r  tmds_blue/tally_reg[3]/D
  -------------------------------------------------------------------    -------------------

                         (clock clk_pixel_cw_hdmi rise edge)
                                                     13.468    13.468 r  
    N15                                               0.000    13.468 r  clk_100mhz (IN)
                         net (fo=0)                   0.000    13.468    wizard_migcam/clk_100mhz
    N15                  IBUF (Prop_ibuf_I_O)         1.370    14.838 r  wizard_migcam/clkin1_ibufg/O
                         net (fo=1, routed)           1.181    16.019    wizard_migcam/clk_in1_cw_fast
    PLLE2_ADV_X0Y0       PLLE2_ADV (Prop_plle2_adv_CLKIN1_CLKOUT0)
                                                     -7.753     8.266 r  wizard_migcam/plle2_adv_inst/CLKOUT0
                         net (fo=1, routed)           1.582     9.848    wizard_migcam/clk_100_cw_fast
    BUFGCTRL_X0Y5        BUFG (Prop_bufg_I_O)         0.091     9.939 r  wizard_migcam/clkout1_buf/O
                         net (fo=1, routed)           1.457    11.396    wizard_hdmi/clk_100
    MMCME2_ADV_X1Y0      MMCME2_ADV (Prop_mmcme2_adv_CLKIN1_CLKOUT0)
                                                     -3.129     8.267 r  wizard_hdmi/mmcm_adv_inst/CLKOUT0
                         net (fo=1, routed)           1.581     9.848    wizard_hdmi/clk_pixel_cw_hdmi
    BUFGCTRL_X0Y0        BUFG (Prop_bufg_I_O)         0.091     9.939 r  wizard_hdmi/clkout1_buf/O
                         net (fo=781, routed)         1.511    11.450    tmds_blue/clk_pixel
    SLICE_X2Y17          FDRE                                         r  tmds_blue/tally_reg[3]/C
                         clock pessimism             -0.413    11.037    
                         clock uncertainty           -0.210    10.828    
    SLICE_X2Y17          FDRE (Setup_fdre_C_D)        0.077    10.905    tmds_blue/tally_reg[3]
  -------------------------------------------------------------------
                         required time                         10.905    
                         arrival time                          -9.791    
  -------------------------------------------------------------------
                         slack                                  1.114    





Min Delay Paths
--------------------------------------------------------------------------------------
Slack (MET) :             0.121ns  (arrival time - required time)
  Source:                 dclk_buf_reg[0]/C
                            (rising edge-triggered cell FDRE clocked by clk_pixel_cw_hdmi  {rise@0.000ns fall@6.734ns period=13.468ns})
  Destination:            my_spi_receive/prev_dclk_reg/D
                            (rising edge-triggered cell FDRE clocked by clk_pixel_cw_hdmi  {rise@0.000ns fall@6.734ns period=13.468ns})
  Path Group:             clk_pixel_cw_hdmi
  Path Type:              Hold (Min at Fast Process Corner)
  Requirement:            0.000ns  (clk_pixel_cw_hdmi rise@0.000ns - clk_pixel_cw_hdmi rise@0.000ns)
  Data Path Delay:        0.197ns  (logic 0.141ns (71.611%)  route 0.056ns (28.389%))
  Logic Levels:           0  
  Clock Path Skew:        0.000ns (DCD - SCD - CPR)
    Destination Clock Delay (DCD):    -0.324ns
    Source Clock Delay      (SCD):    -0.555ns
    Clock Pessimism Removal (CPR):    0.231ns

    Location             Delay type                Incr(ns)  Path(ns)    Netlist Resource(s)
  -------------------------------------------------------------------    -------------------
                         (clock clk_pixel_cw_hdmi rise edge)
                                                      0.000     0.000 r  
    N15                                               0.000     0.000 r  clk_100mhz (IN)
                         net (fo=0)                   0.000     0.000    wizard_migcam/clk_100mhz
    N15                  IBUF (Prop_ibuf_I_O)         0.209     0.209 r  wizard_migcam/clkin1_ibufg/O
                         net (fo=1, routed)           0.440     0.649    wizard_migcam/clk_in1_cw_fast
    PLLE2_ADV_X0Y0       PLLE2_ADV (Prop_plle2_adv_CLKIN1_CLKOUT0)
                                                     -2.326    -1.677 r  wizard_migcam/plle2_adv_inst/CLKOUT0
                         net (fo=1, routed)           0.504    -1.173    wizard_migcam/clk_100_cw_fast
    BUFGCTRL_X0Y5        BUFG (Prop_bufg_I_O)         0.026    -1.147 r  wizard_migcam/clkout1_buf/O
                         net (fo=1, routed)           0.549    -0.598    wizard_hdmi/clk_100
    MMCME2_ADV_X1Y0      MMCME2_ADV (Prop_mmcme2_adv_CLKIN1_CLKOUT0)
                                                     -1.061    -1.659 r  wizard_hdmi/mmcm_adv_inst/CLKOUT0
                         net (fo=1, routed)           0.486    -1.173    wizard_hdmi/clk_pixel_cw_hdmi
    BUFGCTRL_X0Y0        BUFG (Prop_bufg_I_O)         0.026    -1.147 r  wizard_hdmi/clkout1_buf/O
                         net (fo=781, routed)         0.592    -0.555    clk_pixel
    SLICE_X3Y37          FDRE                                         r  dclk_buf_reg[0]/C
  -------------------------------------------------------------------    -------------------
    SLICE_X3Y37          FDRE (Prop_fdre_C_Q)         0.141    -0.414 r  dclk_buf_reg[0]/Q
                         net (fo=3, routed)           0.056    -0.358    my_spi_receive/prev_dclk_reg_0
    SLICE_X3Y37          FDRE                                         r  my_spi_receive/prev_dclk_reg/D
  -------------------------------------------------------------------    -------------------

                         (clock clk_pixel_cw_hdmi rise edge)
                                                      0.000     0.000 r  
    N15                                               0.000     0.000 r  clk_100mhz (IN)
                         net (fo=0)                   0.000     0.000    wizard_migcam/clk_100mhz
    N15                  IBUF (Prop_ibuf_I_O)         0.396     0.396 r  wizard_migcam/clkin1_ibufg/O
                         net (fo=1, routed)           0.481     0.877    wizard_migcam/clk_in1_cw_fast
    PLLE2_ADV_X0Y0       PLLE2_ADV (Prop_plle2_adv_CLKIN1_CLKOUT0)
                                                     -2.641    -1.764 r  wizard_migcam/plle2_adv_inst/CLKOUT0
                         net (fo=1, routed)           0.550    -1.214    wizard_migcam/clk_100_cw_fast
    BUFGCTRL_X0Y5        BUFG (Prop_bufg_I_O)         0.029    -1.185 r  wizard_migcam/clkout1_buf/O
                         net (fo=1, routed)           0.817    -0.369    wizard_hdmi/clk_100
    MMCME2_ADV_X1Y0      MMCME2_ADV (Prop_mmcme2_adv_CLKIN1_CLKOUT0)
                                                     -1.375    -1.744 r  wizard_hdmi/mmcm_adv_inst/CLKOUT0
                         net (fo=1, routed)           0.530    -1.214    wizard_hdmi/clk_pixel_cw_hdmi
    BUFGCTRL_X0Y0        BUFG (Prop_bufg_I_O)         0.029    -1.185 r  wizard_hdmi/clkout1_buf/O
                         net (fo=781, routed)         0.862    -0.324    my_spi_receive/clk_pixel
    SLICE_X3Y37          FDRE                                         r  my_spi_receive/prev_dclk_reg/C
                         clock pessimism             -0.231    -0.555    
    SLICE_X3Y37          FDRE (Hold_fdre_C_D)         0.076    -0.479    my_spi_receive/prev_dclk_reg
  -------------------------------------------------------------------
                         required time                          0.479    
                         arrival time                          -0.358    
  -------------------------------------------------------------------
                         slack                                  0.121    





Pulse Width Checks
--------------------------------------------------------------------------------------
Clock Name:         clk_pixel_cw_hdmi
Waveform(ns):       { 0.000 6.734 }
Period(ns):         13.468
Sources:            { wizard_hdmi/mmcm_adv_inst/CLKOUT0 }

Check Type        Corner  Lib Pin             Reference Pin  Required(ns)  Actual(ns)  Slack(ns)  Location         Pin
Min Period        n/a     DSP48E1/CLK         n/a            3.884         13.468      9.584      DSP48_X0Y15      rgbtoycrcb_m/cbg_reg/CLK
Max Period        n/a     MMCME2_ADV/CLKOUT0  n/a            213.360       13.468      199.892    MMCME2_ADV_X1Y0  wizard_hdmi/mmcm_adv_inst/CLKOUT0
Low Pulse Width   Slow    SRL16E/CLK          n/a            0.980         6.734       5.754      SLICE_X14Y31     fb_green_pip_reg[1][2]_srl2/CLK
High Pulse Width  Slow    SRL16E/CLK          n/a            0.980         6.734       5.754      SLICE_X14Y31     fb_green_pip_reg[1][2]_srl2/CLK



---------------------------------------------------------------------------------------------------
From Clock:  clk_tmds_cw_hdmi
  To Clock:  clk_tmds_cw_hdmi

Setup :           NA  Failing Endpoints,  Worst Slack           NA  ,  Total Violation           NA
Hold  :           NA  Failing Endpoints,  Worst Slack           NA  ,  Total Violation           NA
PW    :            0  Failing Endpoints,  Worst Slack        0.538ns,  Total Violation        0.000ns
---------------------------------------------------------------------------------------------------


Pulse Width Checks
--------------------------------------------------------------------------------------
Clock Name:         clk_tmds_cw_hdmi
Waveform(ns):       { 0.000 1.347 }
Period(ns):         2.694
Sources:            { wizard_hdmi/mmcm_adv_inst/CLKOUT1 }

Check Type  Corner  Lib Pin             Reference Pin  Required(ns)  Actual(ns)  Slack(ns)  Location         Pin
Min Period  n/a     BUFG/I              n/a            2.155         2.694       0.538      BUFGCTRL_X0Y1    wizard_hdmi/clkout2_buf/I
Max Period  n/a     MMCME2_ADV/CLKOUT1  n/a            213.360       2.694       210.666    MMCME2_ADV_X1Y0  wizard_hdmi/mmcm_adv_inst/CLKOUT1



---------------------------------------------------------------------------------------------------
From Clock:  clkfbout_cw_hdmi
  To Clock:  clkfbout_cw_hdmi

Setup :           NA  Failing Endpoints,  Worst Slack           NA  ,  Total Violation           NA
Hold  :           NA  Failing Endpoints,  Worst Slack           NA  ,  Total Violation           NA
PW    :            0  Failing Endpoints,  Worst Slack       47.845ns,  Total Violation        0.000ns
---------------------------------------------------------------------------------------------------


Pulse Width Checks
--------------------------------------------------------------------------------------
Clock Name:         clkfbout_cw_hdmi
Waveform(ns):       { 0.000 25.000 }
Period(ns):         50.000
Sources:            { wizard_hdmi/mmcm_adv_inst/CLKFBOUT }

Check Type  Corner  Lib Pin             Reference Pin  Required(ns)  Actual(ns)  Slack(ns)  Location         Pin
Min Period  n/a     BUFG/I              n/a            2.155         50.000      47.845     BUFGCTRL_X0Y3    wizard_hdmi/clkf_buf/I
Max Period  n/a     MMCME2_ADV/CLKFBIN  n/a            100.000       50.000      50.000     MMCME2_ADV_X1Y0  wizard_hdmi/mmcm_adv_inst/CLKFBIN



---------------------------------------------------------------------------------------------------
From Clock:  clk_camera_cw_fast
  To Clock:  clk_camera_cw_fast

Setup :            0  Failing Endpoints,  Worst Slack        0.403ns,  Total Violation        0.000ns
Hold  :            0  Failing Endpoints,  Worst Slack        0.090ns,  Total Violation        0.000ns
PW    :            0  Failing Endpoints,  Worst Slack        2.000ns,  Total Violation        0.000ns
---------------------------------------------------------------------------------------------------


Max Delay Paths
--------------------------------------------------------------------------------------
Slack (MET) :             0.403ns  (required time - arrival time)
  Source:                 addra_reg[1]/C
                            (rising edge-triggered cell FDRE clocked by clk_camera_cw_fast  {rise@0.000ns fall@2.500ns period=5.000ns})
  Destination:            frame_buffer/U0/inst_blk_mem_gen/gnbram.gnativebmg.native_blk_mem_gen/valid.cstr/ramloop[26].ram.r/prim_noinit.ram/DEVICE_7SERIES.NO_BMM_INFO.TRUE_DP.CASCADED_PRIM36.ram_T/ADDRARDADDR[1]
                            (rising edge-triggered cell RAMB36E1 clocked by clk_camera_cw_fast  {rise@0.000ns fall@2.500ns period=5.000ns})
  Path Group:             clk_camera_cw_fast
  Path Type:              Setup (Max at Slow Process Corner)
  Requirement:            5.000ns  (clk_camera_cw_fast rise@5.000ns - clk_camera_cw_fast rise@0.000ns)
  Data Path Delay:        3.881ns  (logic 0.456ns (11.749%)  route 3.425ns (88.251%))
  Logic Levels:           0  
  Clock Path Skew:        -0.083ns (DCD - SCD + CPR)
    Destination Clock Delay (DCD):    -2.055ns = ( 2.945 - 5.000 ) 
    Source Clock Delay      (SCD):    -2.479ns
    Clock Pessimism Removal (CPR):    -0.507ns
  Clock Uncertainty:      0.067ns  ((TSJ^2 + DJ^2)^1/2) / 2 + PE
    Total System Jitter     (TSJ):    0.071ns
    Discrete Jitter          (DJ):    0.113ns
    Phase Error              (PE):    0.000ns

    Location             Delay type                Incr(ns)  Path(ns)    Netlist Resource(s)
  -------------------------------------------------------------------    -------------------
                         (clock clk_camera_cw_fast rise edge)
                                                      0.000     0.000 r  
    N15                                               0.000     0.000 r  clk_100mhz (IN)
                         net (fo=0)                   0.000     0.000    wizard_migcam/clk_100mhz
    N15                  IBUF (Prop_ibuf_I_O)         1.440     1.440 r  wizard_migcam/clkin1_ibufg/O
                         net (fo=1, routed)           1.253     2.693    wizard_migcam/clk_in1_cw_fast
    PLLE2_ADV_X0Y0       PLLE2_ADV (Prop_plle2_adv_CLKIN1_CLKOUT2)
                                                     -8.486    -5.792 r  wizard_migcam/plle2_adv_inst/CLKOUT2
                         net (fo=1, routed)           1.660    -4.132    wizard_migcam/clk_camera_cw_fast
    BUFGCTRL_X0Y2        BUFG (Prop_bufg_I_O)         0.096    -4.036 r  wizard_migcam/clkout3_buf/O
                         net (fo=258, routed)         1.557    -2.479    clk_camera
    SLICE_X32Y33         FDRE                                         r  addra_reg[1]/C
  -------------------------------------------------------------------    -------------------
    SLICE_X32Y33         FDRE (Prop_fdre_C_Q)         0.456    -2.023 r  addra_reg[1]/Q
                         net (fo=34, routed)          3.425     1.403    frame_buffer/U0/inst_blk_mem_gen/gnbram.gnativebmg.native_blk_mem_gen/valid.cstr/ramloop[26].ram.r/prim_noinit.ram/addra[1]
    RAMB36_X0Y11         RAMB36E1                                     r  frame_buffer/U0/inst_blk_mem_gen/gnbram.gnativebmg.native_blk_mem_gen/valid.cstr/ramloop[26].ram.r/prim_noinit.ram/DEVICE_7SERIES.NO_BMM_INFO.TRUE_DP.CASCADED_PRIM36.ram_T/ADDRARDADDR[1]
  -------------------------------------------------------------------    -------------------

                         (clock clk_camera_cw_fast rise edge)
                                                      5.000     5.000 r  
    N15                                               0.000     5.000 r  clk_100mhz (IN)
                         net (fo=0)                   0.000     5.000    wizard_migcam/clk_100mhz
    N15                  IBUF (Prop_ibuf_I_O)         1.370     6.370 r  wizard_migcam/clkin1_ibufg/O
                         net (fo=1, routed)           1.181     7.551    wizard_migcam/clk_in1_cw_fast
    PLLE2_ADV_X0Y0       PLLE2_ADV (Prop_plle2_adv_CLKIN1_CLKOUT2)
                                                     -7.753    -0.202 r  wizard_migcam/plle2_adv_inst/CLKOUT2
                         net (fo=1, routed)           1.582     1.380    wizard_migcam/clk_camera_cw_fast
    BUFGCTRL_X0Y2        BUFG (Prop_bufg_I_O)         0.091     1.471 r  wizard_migcam/clkout3_buf/O
                         net (fo=258, routed)         1.474     2.945    frame_buffer/U0/inst_blk_mem_gen/gnbram.gnativebmg.native_blk_mem_gen/valid.cstr/ramloop[26].ram.r/prim_noinit.ram/clka
    RAMB36_X0Y11         RAMB36E1                                     r  frame_buffer/U0/inst_blk_mem_gen/gnbram.gnativebmg.native_blk_mem_gen/valid.cstr/ramloop[26].ram.r/prim_noinit.ram/DEVICE_7SERIES.NO_BMM_INFO.TRUE_DP.CASCADED_PRIM36.ram_T/CLKARDCLK
                         clock pessimism             -0.507     2.438    
                         clock uncertainty           -0.067     2.371    
    RAMB36_X0Y11         RAMB36E1 (Setup_ramb36e1_CLKARDCLK_ADDRARDADDR[1])
                                                     -0.566     1.805    frame_buffer/U0/inst_blk_mem_gen/gnbram.gnativebmg.native_blk_mem_gen/valid.cstr/ramloop[26].ram.r/prim_noinit.ram/DEVICE_7SERIES.NO_BMM_INFO.TRUE_DP.CASCADED_PRIM36.ram_T
  -------------------------------------------------------------------
                         required time                          1.805    
                         arrival time                          -1.403    
  -------------------------------------------------------------------
                         slack                                  0.403    





Min Delay Paths
--------------------------------------------------------------------------------------
Slack (MET) :             0.090ns  (arrival time - required time)
  Source:                 camera_mem_reg[3]/C
                            (rising edge-triggered cell FDRE clocked by clk_camera_cw_fast  {rise@0.000ns fall@2.500ns period=5.000ns})
  Destination:            frame_buffer/U0/inst_blk_mem_gen/gnbram.gnativebmg.native_blk_mem_gen/valid.cstr/ramloop[8].ram.r/prim_noinit.ram/DEVICE_7SERIES.NO_BMM_INFO.TRUE_DP.SIMPLE_PRIM18.ram/DIADI[1]
                            (rising edge-triggered cell RAMB18E1 clocked by clk_camera_cw_fast  {rise@0.000ns fall@2.500ns period=5.000ns})
  Path Group:             clk_camera_cw_fast
  Path Type:              Hold (Min at Fast Process Corner)
  Requirement:            0.000ns  (clk_camera_cw_fast rise@0.000ns - clk_camera_cw_fast rise@0.000ns)
  Data Path Delay:        0.696ns  (logic 0.164ns (23.574%)  route 0.532ns (76.426%))
  Logic Levels:           0  
  Clock Path Skew:        0.309ns (DCD - SCD - CPR)
    Destination Clock Delay (DCD):    -0.315ns
    Source Clock Delay      (SCD):    -0.591ns
    Clock Pessimism Removal (CPR):    -0.034ns

    Location             Delay type                Incr(ns)  Path(ns)    Netlist Resource(s)
  -------------------------------------------------------------------    -------------------
                         (clock clk_camera_cw_fast rise edge)
                                                      0.000     0.000 r  
    N15                                               0.000     0.000 r  clk_100mhz (IN)
                         net (fo=0)                   0.000     0.000    wizard_migcam/clk_100mhz
    N15                  IBUF (Prop_ibuf_I_O)         0.209     0.209 r  wizard_migcam/clkin1_ibufg/O
                         net (fo=1, routed)           0.440     0.649    wizard_migcam/clk_in1_cw_fast
    PLLE2_ADV_X0Y0       PLLE2_ADV (Prop_plle2_adv_CLKIN1_CLKOUT2)
                                                     -2.326    -1.677 r  wizard_migcam/plle2_adv_inst/CLKOUT2
                         net (fo=1, routed)           0.504    -1.173    wizard_migcam/clk_camera_cw_fast
    BUFGCTRL_X0Y2        BUFG (Prop_bufg_I_O)         0.026    -1.147 r  wizard_migcam/clkout3_buf/O
                         net (fo=258, routed)         0.556    -0.591    clk_camera
    SLICE_X34Y17         FDRE                                         r  camera_mem_reg[3]/C
  -------------------------------------------------------------------    -------------------
    SLICE_X34Y17         FDRE (Prop_fdre_C_Q)         0.164    -0.427 r  camera_mem_reg[3]/Q
                         net (fo=4, routed)           0.532     0.104    frame_buffer/U0/inst_blk_mem_gen/gnbram.gnativebmg.native_blk_mem_gen/valid.cstr/ramloop[8].ram.r/prim_noinit.ram/dina[1]
    RAMB18_X2Y7          RAMB18E1                                     r  frame_buffer/U0/inst_blk_mem_gen/gnbram.gnativebmg.native_blk_mem_gen/valid.cstr/ramloop[8].ram.r/prim_noinit.ram/DEVICE_7SERIES.NO_BMM_INFO.TRUE_DP.SIMPLE_PRIM18.ram/DIADI[1]
  -------------------------------------------------------------------    -------------------

                         (clock clk_camera_cw_fast rise edge)
                                                      0.000     0.000 r  
    N15                                               0.000     0.000 r  clk_100mhz (IN)
                         net (fo=0)                   0.000     0.000    wizard_migcam/clk_100mhz
    N15                  IBUF (Prop_ibuf_I_O)         0.396     0.396 r  wizard_migcam/clkin1_ibufg/O
                         net (fo=1, routed)           0.481     0.877    wizard_migcam/clk_in1_cw_fast
    PLLE2_ADV_X0Y0       PLLE2_ADV (Prop_plle2_adv_CLKIN1_CLKOUT2)
                                                     -2.641    -1.764 r  wizard_migcam/plle2_adv_inst/CLKOUT2
                         net (fo=1, routed)           0.550    -1.214    wizard_migcam/clk_camera_cw_fast
    BUFGCTRL_X0Y2        BUFG (Prop_bufg_I_O)         0.029    -1.185 r  wizard_migcam/clkout3_buf/O
                         net (fo=258, routed)         0.870    -0.315    frame_buffer/U0/inst_blk_mem_gen/gnbram.gnativebmg.native_blk_mem_gen/valid.cstr/ramloop[8].ram.r/prim_noinit.ram/clka
    RAMB18_X2Y7          RAMB18E1                                     r  frame_buffer/U0/inst_blk_mem_gen/gnbram.gnativebmg.native_blk_mem_gen/valid.cstr/ramloop[8].ram.r/prim_noinit.ram/DEVICE_7SERIES.NO_BMM_INFO.TRUE_DP.SIMPLE_PRIM18.ram/CLKARDCLK
                         clock pessimism              0.034    -0.282    
    RAMB18_X2Y7          RAMB18E1 (Hold_ramb18e1_CLKARDCLK_DIADI[1])
                                                      0.296     0.014    frame_buffer/U0/inst_blk_mem_gen/gnbram.gnativebmg.native_blk_mem_gen/valid.cstr/ramloop[8].ram.r/prim_noinit.ram/DEVICE_7SERIES.NO_BMM_INFO.TRUE_DP.SIMPLE_PRIM18.ram
  -------------------------------------------------------------------
                         required time                         -0.014    
                         arrival time                           0.104    
  -------------------------------------------------------------------
                         slack                                  0.090    





Pulse Width Checks
--------------------------------------------------------------------------------------
Clock Name:         clk_camera_cw_fast
Waveform(ns):       { 0.000 2.500 }
Period(ns):         5.000
Sources:            { wizard_migcam/plle2_adv_inst/CLKOUT2 }

Check Type        Corner  Lib Pin             Reference Pin  Required(ns)  Actual(ns)  Slack(ns)  Location        Pin
Min Period        n/a     RAMB18E1/CLKARDCLK  n/a            2.944         5.000       2.056      RAMB18_X0Y30    registers/BRAM_reg/CLKARDCLK
Max Period        n/a     PLLE2_ADV/CLKOUT2   n/a            160.000       5.000       155.000    PLLE2_ADV_X0Y0  wizard_migcam/plle2_adv_inst/CLKOUT2
Low Pulse Width   Slow    FDRE/C              n/a            0.500         2.500       2.000      SLICE_X32Y33    addra_reg[0]/C
High Pulse Width  Slow    FDRE/C              n/a            0.500         2.500       2.000      SLICE_X32Y33    addra_reg[0]/C



---------------------------------------------------------------------------------------------------
From Clock:  clk_xc_cw_fast
  To Clock:  clk_xc_cw_fast

Setup :           NA  Failing Endpoints,  Worst Slack           NA  ,  Total Violation           NA
Hold  :           NA  Failing Endpoints,  Worst Slack           NA  ,  Total Violation           NA
PW    :            0  Failing Endpoints,  Worst Slack       37.845ns,  Total Violation        0.000ns
---------------------------------------------------------------------------------------------------


Pulse Width Checks
--------------------------------------------------------------------------------------
Clock Name:         clk_xc_cw_fast
Waveform(ns):       { 0.000 20.000 }
Period(ns):         40.000
Sources:            { wizard_migcam/plle2_adv_inst/CLKOUT3 }

Check Type  Corner  Lib Pin            Reference Pin  Required(ns)  Actual(ns)  Slack(ns)  Location        Pin
Min Period  n/a     BUFG/I             n/a            2.155         40.000      37.845     BUFGCTRL_X0Y6   wizard_migcam/clkout4_buf/I
Max Period  n/a     PLLE2_ADV/CLKOUT3  n/a            160.000       40.000      120.000    PLLE2_ADV_X0Y0  wizard_migcam/plle2_adv_inst/CLKOUT3



---------------------------------------------------------------------------------------------------
From Clock:  clkfbout_cw_fast
  To Clock:  clkfbout_cw_fast

Setup :           NA  Failing Endpoints,  Worst Slack           NA  ,  Total Violation           NA
Hold  :           NA  Failing Endpoints,  Worst Slack           NA  ,  Total Violation           NA
PW    :            0  Failing Endpoints,  Worst Slack        7.845ns,  Total Violation        0.000ns
---------------------------------------------------------------------------------------------------


Pulse Width Checks
--------------------------------------------------------------------------------------
Clock Name:         clkfbout_cw_fast
Waveform(ns):       { 0.000 5.000 }
Period(ns):         10.000
Sources:            { wizard_migcam/plle2_adv_inst/CLKFBOUT }

Check Type  Corner  Lib Pin            Reference Pin  Required(ns)  Actual(ns)  Slack(ns)  Location        Pin
Min Period  n/a     BUFG/I             n/a            2.155         10.000      7.845      BUFGCTRL_X0Y4   wizard_migcam/clkf_buf/I
Max Period  n/a     PLLE2_ADV/CLKFBIN  n/a            52.633        10.000      42.633     PLLE2_ADV_X0Y0  wizard_migcam/plle2_adv_inst/CLKFBIN



